Sat Sep 14 11:32:25 UTC 2024 - Executing "python3 /openLANE_flow/scripts/extract_metal_layers.py -t /home/vsduser/Desktop/work/tools/openlane_working_dir/pdks/sky130A/libs.ref/sky130_fd_sc_hd/techlef/sky130_fd_sc_hd.tlef -o /openLANE_flow/designs/picorv32a/runs/14-09_11-32/tmp/met_layers_list.txt"

Sat Sep 14 11:32:25 UTC 2024 - Executing "/openLANE_flow/scripts/mergeLef.py -i /home/vsduser/Desktop/work/tools/openlane_working_dir/pdks/sky130A/libs.ref/sky130_fd_sc_hd/techlef/sky130_fd_sc_hd.tlef {/home/vsduser/Desktop/work/tools/openlane_working_dir/pdks/sky130A/libs.ref/sky130_fd_sc_hd/lef/sky130_fd_sc_hd.lef /home/vsduser/Desktop/work/tools/openlane_working_dir/pdks/sky130A/libs.ref/sky130_fd_sc_hd/lef/sky130_ef_sc_hd__fill_12.lef /home/vsduser/Desktop/work/tools/openlane_working_dir/pdks/sky130A/libs.ref/sky130_fd_sc_hd/lef/sky130_ef_sc_hd__decap_12.lef /home/vsduser/Desktop/work/tools/openlane_working_dir/pdks/sky130A/libs.ref/sky130_fd_sc_hd/lef/sky130_ef_sc_hd__fakediode_2.lef} -o /openLANE_flow/designs/picorv32a/runs/14-09_11-32/tmp/merged_unpadded.lef |& tee >&@stdout"

Sat Sep 14 11:32:25 UTC 2024 - Executing "/openLANE_flow/scripts/mergeLef.py -i /openLANE_flow/designs/picorv32a/runs/14-09_11-32/tmp/merged_unpadded.lef /openLANE_flow/designs/picorv32a/src/sky130_vsdinv.lef -o /openLANE_flow/designs/picorv32a/runs/14-09_11-32/tmp/merged_unpadded.lef |& tee >&@stdout"

Sat Sep 14 11:32:25 UTC 2024 - Executing "/openLANE_flow/scripts/libtrim.pl /openLANE_flow/designs/picorv32a/src/sky130_fd_sc_hd__typical.lib /openLANE_flow/designs/picorv32a/runs/14-09_11-32/tmp/trimmed.lib.exclude.list > /openLANE_flow/designs/picorv32a/runs/14-09_11-32/tmp/trimmed.lib"

Sat Sep 14 11:32:26 UTC 2024 - Executing "echo {openlane v0.21} > /openLANE_flow/designs/picorv32a/runs/14-09_11-32/OPENLANE_VERSION"

Sat Sep 14 11:32:37 UTC 2024 - Executing "/openLANE_flow/scripts/mergeLef.py -i /openLANE_flow/designs/picorv32a/runs/14-09_11-32/tmp/merged.lef /openLANE_flow/designs/picorv32a/src/sky130_vsdinv.lef -o /openLANE_flow/designs/picorv32a/runs/14-09_11-32/tmp/merged.lef.new"

Sat Sep 14 11:32:37 UTC 2024 - Executing "/openLANE_flow/scripts/mergeLef.py -i /openLANE_flow/designs/picorv32a/runs/14-09_11-32/tmp/merged_unpadded.lef /openLANE_flow/designs/picorv32a/src/sky130_vsdinv.lef -o /openLANE_flow/designs/picorv32a/runs/14-09_11-32/tmp/merged_unpadded.lef.new"

Sat Sep 14 11:32:37 UTC 2024 - Executing "mv /openLANE_flow/designs/picorv32a/runs/14-09_11-32/tmp/merged.lef.new /openLANE_flow/designs/picorv32a/runs/14-09_11-32/tmp/merged.lef"

Sat Sep 14 11:32:37 UTC 2024 - Executing "mv /openLANE_flow/designs/picorv32a/runs/14-09_11-32/tmp/merged_unpadded.lef.new /openLANE_flow/designs/picorv32a/runs/14-09_11-32/tmp/merged_unpadded.lef"

Sat Sep 14 11:33:25 UTC 2024 - Executing "sed -E {s/^([[:space:]]+)pg_pin(.*)/\1pin\2\n\1    direction : "inout";/g} /openLANE_flow/designs/picorv32a/src/sky130_fd_sc_hd__typical.lib > /openLANE_flow/designs/picorv32a/runs/14-09_11-32/tmp/sky130_fd_sc_hd__typical.no_pg.lib"

Sat Sep 14 11:33:25 UTC 2024 - Executing "yosys -c /openLANE_flow/scripts/synth.tcl -l /openLANE_flow/designs/picorv32a/runs/14-09_11-32/logs/synthesis/1-yosys.log |& tee >&@stdout"

Sat Sep 14 11:34:39 UTC 2024 - Executing "sed -i -e {s/\(set ::env(CURRENT_NETLIST)\).*/\1 \/openLANE_flow\/designs\/picorv32a\/runs\/14-09_11-32\/results\/synthesis\/picorv32a.synthesis.v/} /openLANE_flow/designs/picorv32a/runs/14-09_11-32/config.tcl"

Sat Sep 14 11:34:39 UTC 2024 - Executing "sed -i -e {s/\(set ::env(PREV_NETLIST)\).*/\1 0/} /openLANE_flow/designs/picorv32a/runs/14-09_11-32/config.tcl"

Sat Sep 14 11:34:39 UTC 2024 - Executing "sed -i /defparam/d /openLANE_flow/designs/picorv32a/runs/14-09_11-32/results/synthesis/picorv32a.synthesis.v"

Sat Sep 14 11:34:40 UTC 2024 - Executing "sta /openLANE_flow/scripts/sta.tcl |& tee >&@stdout /openLANE_flow/designs/picorv32a/runs/14-09_11-32/logs/synthesis/2-opensta"

Sat Sep 14 11:34:51 UTC 2024 - Executing "openroad -exit /openLANE_flow/scripts/openroad/or_floorplan.tcl |& tee >&@stdout /openLANE_flow/designs/picorv32a/runs/14-09_11-32/logs/floorplan/3-verilog2def.openroad.log"

Sat Sep 14 11:34:58 UTC 2024 - Executing "openroad -exit /openLANE_flow/scripts/openroad/or_ioplacer.tcl |& tee >&@stdout /openLANE_flow/designs/picorv32a/runs/14-09_11-32/logs/floorplan/4-ioPlacer.log"

Sat Sep 14 11:35:01 UTC 2024 - Executing "openroad -exit /openLANE_flow/scripts/openroad/or_tapcell.tcl |& tee >&@stdout /openLANE_flow/designs/picorv32a/runs/14-09_11-32/logs/floorplan/5-tapcell.log"

Sat Sep 14 11:35:05 UTC 2024 - Executing "openroad -exit /openLANE_flow/scripts/openroad/or_replace.tcl |& tee >&@stdout /openLANE_flow/designs/picorv32a/runs/14-09_11-32/logs/placement/6-replace.log"

Sat Sep 14 11:35:24 UTC 2024 - Executing "openroad -exit /openLANE_flow/scripts/openroad/or_resizer.tcl |& tee >&@stdout /openLANE_flow/designs/picorv32a/runs/14-09_11-32/logs/placement/6-resizer.log"

Sat Sep 14 11:35:39 UTC 2024 - Executing "openroad -exit /openLANE_flow/scripts/openroad/or_write_verilog.tcl |& tee >&@stdout /openLANE_flow/designs/picorv32a/runs/14-09_11-32/logs/7-write_verilog.log"

Sat Sep 14 11:35:41 UTC 2024 - Executing "sed -i -e {s/\(set ::env(CURRENT_NETLIST)\).*/\1 \/openLANE_flow\/designs\/picorv32a\/runs\/14-09_11-32\/results\/synthesis\/picorv32a.synthesis_optimized.v/} /openLANE_flow/designs/picorv32a/runs/14-09_11-32/config.tcl"

Sat Sep 14 11:35:41 UTC 2024 - Executing "sed -i -e {s/\(set ::env(PREV_NETLIST)\).*/\1 \/openLANE_flow\/designs\/picorv32a\/runs\/14-09_11-32\/results\/synthesis\/picorv32a.synthesis.v/} /openLANE_flow/designs/picorv32a/runs/14-09_11-32/config.tcl"

Sat Sep 14 11:35:41 UTC 2024 - Executing "sta /openLANE_flow/scripts/sta.tcl |& tee >&@stdout /openLANE_flow/designs/picorv32a/runs/14-09_11-32/logs/synthesis/8-opensta_post_resizer"

Sat Sep 14 11:35:43 UTC 2024 - Executing "openroad -exit /openLANE_flow/scripts/openroad/or_opendp.tcl |& tee >&@stdout /openLANE_flow/designs/picorv32a/runs/14-09_11-32/logs/placement/9-opendp.log"

Sat Sep 14 11:35:45 UTC 2024 - Executing "bash /openLANE_flow/scripts/klayout/scrotLayout.sh /home/vsduser/Desktop/work/tools/openlane_working_dir/pdks/sky130A/libs.tech/klayout/sky130A.lyt /openLANE_flow/designs/picorv32a/runs/14-09_11-32/results/placement/picorv32a.placement.def |& tee >&@stdout /openLANE_flow/designs/picorv32a/runs/14-09_11-32/logs/klayout/10-klayout.scrot.log"

Sat Sep 14 11:35:57 UTC 2024 - Executing "/openLANE_flow/scripts/libtrim.pl /openLANE_flow/designs/picorv32a/src/sky130_fd_sc_hd__typical.lib /openLANE_flow/designs/picorv32a/runs/14-09_11-32/tmp/cts.lib.exclude.list > /openLANE_flow/designs/picorv32a/runs/14-09_11-32/tmp/cts.lib"

Sat Sep 14 11:35:57 UTC 2024 - Executing "openroad -exit /openLANE_flow/scripts/openroad/or_cts.tcl |& tee >&@stdout /openLANE_flow/designs/picorv32a/runs/14-09_11-32/logs/cts/11-cts.log"

Sat Sep 14 11:37:53 UTC 2024 - Executing "openroad -exit /openLANE_flow/scripts/openroad/or_write_verilog.tcl |& tee >&@stdout /openLANE_flow/designs/picorv32a/runs/14-09_11-32/logs/12-write_verilog.log"

Sat Sep 14 11:37:54 UTC 2024 - Executing "sed -i -e {s/\(set ::env(CURRENT_NETLIST)\).*/\1 \/openLANE_flow\/designs\/picorv32a\/runs\/14-09_11-32\/results\/synthesis\/picorv32a.synthesis_cts.v/} /openLANE_flow/designs/picorv32a/runs/14-09_11-32/config.tcl"

Sat Sep 14 11:37:54 UTC 2024 - Executing "sed -i -e {s/\(set ::env(PREV_NETLIST)\).*/\1 \/openLANE_flow\/designs\/picorv32a\/runs\/14-09_11-32\/results\/synthesis\/picorv32a.synthesis_optimized.v/} /openLANE_flow/designs/picorv32a/runs/14-09_11-32/config.tcl"

Sat Sep 14 11:37:54 UTC 2024 - Executing "bash /openLANE_flow/scripts/klayout/scrotLayout.sh /home/vsduser/Desktop/work/tools/openlane_working_dir/pdks/sky130A/libs.tech/klayout/sky130A.lyt /openLANE_flow/designs/picorv32a/runs/14-09_11-32/results/cts/picorv32a.cts.def |& tee >&@stdout /openLANE_flow/designs/picorv32a/runs/14-09_11-32/logs/klayout/13-klayout.scrot.log"

Sat Sep 14 11:38:33 UTC 2024 - Executing "openroad -exit /openLANE_flow/scripts/openroad/or_pdn.tcl |& tee >&@stdout /openLANE_flow/designs/picorv32a/runs/14-09_11-32/logs/floorplan/14-pdn.log"

Sat Sep 14 11:40:28 UTC 2024 - Executing "openroad -exit /openLANE_flow/scripts/openroad/or_groute.tcl |& tee >&@stdout /openLANE_flow/designs/picorv32a/runs/14-09_11-32/logs/routing/15-fastroute.log"

Sat Sep 14 11:40:46 UTC 2024 - Executing "openroad -exit /openLANE_flow/scripts/openroad/or_fill.tcl |& tee >&@stdout /openLANE_flow/designs/picorv32a/runs/14-09_11-32/logs/routing/16-addspacers.log"

Sat Sep 14 11:40:49 UTC 2024 - Executing "openroad -exit /openLANE_flow/scripts/openroad/or_write_verilog.tcl |& tee >&@stdout /openLANE_flow/designs/picorv32a/runs/14-09_11-32/logs/17-write_verilog.log"

Sat Sep 14 11:40:51 UTC 2024 - Executing "sed -i -e {s/\(set ::env(CURRENT_NETLIST)\).*/\1 \/openLANE_flow\/designs\/picorv32a\/runs\/14-09_11-32\/results\/synthesis\/picorv32a.synthesis_preroute.v/} /openLANE_flow/designs/picorv32a/runs/14-09_11-32/config.tcl"

Sat Sep 14 11:40:51 UTC 2024 - Executing "sed -i -e {s/\(set ::env(PREV_NETLIST)\).*/\1 \/openLANE_flow\/designs\/picorv32a\/runs\/14-09_11-32\/results\/synthesis\/picorv32a.synthesis_cts.v/} /openLANE_flow/designs/picorv32a/runs/14-09_11-32/config.tcl"

Sat Sep 14 11:40:52 UTC 2024 - Executing "envsubst < /openLANE_flow/scripts/tritonRoute.param > /openLANE_flow/designs/picorv32a/runs/14-09_11-32/tmp/routing/18-tritonRoute.param"

Sat Sep 14 11:40:52 UTC 2024 - Executing "TritonRoute /openLANE_flow/designs/picorv32a/runs/14-09_11-32/tmp/routing/18-tritonRoute.param |& tee >&@stdout /openLANE_flow/designs/picorv32a/runs/14-09_11-32/logs/routing/18-tritonRoute.log"

Sat Sep 14 11:55:40 UTC 2024 - Executing "python3 /openLANE_flow/scripts/tr2klayout.py -i /openLANE_flow/designs/picorv32a/runs/14-09_11-32/reports/routing/18-tritonRoute.drc -o /openLANE_flow/designs/picorv32a/runs/14-09_11-32/reports/routing/18-tritonRoute.klayout.xml --design-name picorv32a"

Sat Sep 14 11:55:40 UTC 2024 - Executing "bash /openLANE_flow/scripts/klayout/scrotLayout.sh /home/vsduser/Desktop/work/tools/openlane_working_dir/pdks/sky130A/libs.tech/klayout/sky130A.lyt /openLANE_flow/designs/picorv32a/runs/14-09_11-32/results/routing/picorv32a.def |& tee >&@stdout /openLANE_flow/designs/picorv32a/runs/14-09_11-32/logs/klayout/19-klayout.scrot.log"

Sat Sep 14 11:55:52 UTC 2024 - Executing "python3 /openLANE_flow/scripts/spef_extractor/main.py -l /openLANE_flow/designs/picorv32a/runs/14-09_11-32/tmp/merged_unpadded.lef -d /openLANE_flow/designs/picorv32a/runs/14-09_11-32/results/routing/picorv32a.def -mw L -ec 1 |& tee >&@stdout /openLANE_flow/designs/picorv32a/runs/14-09_11-32/logs/routing/20-spef_extraction.log"

Sat Sep 14 11:56:12 UTC 2024 - Executing "sta /openLANE_flow/scripts/sta.tcl |& tee >&@stdout /openLANE_flow/designs/picorv32a/runs/14-09_11-32/logs/synthesis/21-opensta_spef"

