OpenROAD 0.9.0 1415572a73
This program is licensed under the BSD-3 license. See the LICENSE file for details.
Components of this program may be licensed under more restrictive licenses which must be honored.
Notice 0: Reading LEF file:  /openLANE_flow/designs/picorv32a/runs/12-09_17-48/tmp/merged_unpadded.lef
Notice 0:     Created 13 technology layers
Notice 0:     Created 25 technology vias
Notice 0:     Created 442 library cells
Notice 0: Finished LEF file:  /openLANE_flow/designs/picorv32a/runs/12-09_17-48/tmp/merged_unpadded.lef
Notice 0: 
Reading DEF file: /openLANE_flow/designs/picorv32a/runs/12-09_17-48/tmp/placement/12-resizer.def
Notice 0: Design: picorv32a
Notice 0:     Created 409 pins.
Notice 0:     Created 23263 components and 137419 component-terminals.
Notice 0:     Created 16783 nets and 59661 connections.
Notice 0: Finished DEF file: /openLANE_flow/designs/picorv32a/runs/12-09_17-48/tmp/placement/12-resizer.def
[WARNING DPL-0011] Could not find power special net.
Design Stats
--------------------------------
total instances         23263
multi row instances         0
fixed instances          6582
nets                    16783
design area          434807.0 u^2
fixed area             9446.6 u^2
movable area         152164.7 u^2
utilization                36 %
utilization padded         55 %
rows                      242
row height                2.7 u

Placement Analysis
--------------------------------
total displacement        0.0 u
average displacement      0.0 u
max displacement          0.0 u
original HPWL        816855.6 u
legalized HPWL       830429.6 u
delta HPWL                  2 %

[INFO DPL-0020] Mirrored 6875 instances
[INFO DPL-0021] HPWL before          830429.6 u
[INFO DPL-0022] HPWL after           816855.6 u
[INFO DPL-0023] HPWL delta               -1.6 %
