OpenROAD 0.9.0 1415572a73
This program is licensed under the BSD-3 license. See the LICENSE file for details.
Components of this program may be licensed under more restrictive licenses which must be honored.
Notice 0: Reading LEF file:  /openLANE_flow/designs/picorv32a/runs/12-09_17-48/tmp/merged_unpadded.lef
Notice 0:     Created 13 technology layers
Notice 0:     Created 25 technology vias
Notice 0:     Created 442 library cells
Notice 0: Finished LEF file:  /openLANE_flow/designs/picorv32a/runs/12-09_17-48/tmp/merged_unpadded.lef
Notice 0: 
Reading DEF file: /openLANE_flow/designs/picorv32a/runs/12-09_17-48/tmp/floorplan/38-ioPlacer.def
Notice 0: Design: picorv32a
Notice 0:     Created 409 pins.
Notice 0:     Created 17139 components and 124080 component-terminals.
Notice 0:     Created 17241 nets and 58350 connections.
Notice 0: Finished DEF file: /openLANE_flow/designs/picorv32a/runs/12-09_17-48/tmp/floorplan/38-ioPlacer.def
[INFO GPL-0002] DBU: 1000
[INFO GPL-0003] SiteSize: 460 2720
[INFO GPL-0004] CoreAreaLxLy: 5520 10880
[INFO GPL-0005] CoreAreaUxUy: 608120 612000
[INFO GPL-0006] NumInstances: 17139
[INFO GPL-0007] NumPlaceInstances: 17139
[INFO GPL-0008] NumFixedInstances: 0
[INFO GPL-0009] NumDummyInstances: 0
[INFO GPL-0010] NumNets: 17241
[INFO GPL-0011] NumPins: 58759
[INFO GPL-0012] DieAreaLxLy: 0 0
[INFO GPL-0013] DieAreaUxUy: 613915 624635
[INFO GPL-0014] CoreAreaLxLy: 5520 10880
[INFO GPL-0015] CoreAreaUxUy: 608120 612000
[INFO GPL-0016] CoreArea: 362234912000
[INFO GPL-0017] NonPlaceInstsArea: 0
[INFO GPL-0018] PlaceInstsArea: 181730544000
[INFO GPL-0019] Util(%): 50.17
[INFO GPL-0020] StdInstsArea: 181730544000
[INFO GPL-0021] MacroInstsArea: 0
Begin InitialPlace
[InitialPlace]  Iter: 1 CG Error: 0.00032598 HPWL: 375408850
[InitialPlace]  Iter: 2 CG Error: 0.00002020 HPWL: 306867968
[InitialPlace]  Iter: 3 CG Error: 0.00001917 HPWL: 307203823
[InitialPlace]  Iter: 4 CG Error: 0.00002175 HPWL: 307411028
[InitialPlace]  Iter: 5 CG Error: 0.00001233 HPWL: 306946718
[InitialPlace]  Iter: 6 CG Error: 0.00001401 HPWL: 307077176
[InitialPlace]  Iter: 7 CG Error: 0.00000963 HPWL: 306785908
End InitialPlace
[INFO GPL-0031] FillerInit: NumGCells: 18835
[INFO GPL-0032] FillerInit: NumGNets: 17241
[INFO GPL-0033] FillerInit: NumGPins: 58759
[INFO GPL-0023] TargetDensity: 0.55
[INFO GPL-0024] AveragePlaceInstArea: 10603334
[INFO GPL-0025] IdealBinArea: 19278788
[INFO GPL-0026] IdealBinCnt: 18789
[INFO GPL-0027] TotalBinArea: 362234912000
[INFO GPL-0028] BinCnt: 128 128
[INFO GPL-0029] BinSize: 4708 4697
[INFO GPL-0030] NumBins: 16384
Begin NesterovInit
End NesterovInit
[NesterovSolve] Iter: 1 overflow: 0.963413 HPWL: 222751457
[NesterovSolve] Iter: 10 overflow: 0.932647 HPWL: 261860636
[NesterovSolve] Iter: 20 overflow: 0.931892 HPWL: 262521367
[NesterovSolve] Iter: 30 overflow: 0.931774 HPWL: 262378013
[NesterovSolve] Iter: 40 overflow: 0.931683 HPWL: 262603152
[NesterovSolve] Iter: 50 overflow: 0.931849 HPWL: 262631257
[NesterovSolve] Iter: 60 overflow: 0.931702 HPWL: 262642254
[NesterovSolve] Iter: 70 overflow: 0.931668 HPWL: 262637984
[NesterovSolve] Iter: 80 overflow: 0.931633 HPWL: 262679767
[NesterovSolve] Iter: 90 overflow: 0.931614 HPWL: 262733887
[NesterovSolve] Iter: 100 overflow: 0.931579 HPWL: 262853223
[NesterovSolve] Iter: 110 overflow: 0.931483 HPWL: 263082508
[NesterovSolve] Iter: 120 overflow: 0.931395 HPWL: 263522749
[NesterovSolve] Iter: 130 overflow: 0.931314 HPWL: 264316848
[NesterovSolve] Iter: 140 overflow: 0.93117 HPWL: 265748805
[NesterovSolve] Iter: 150 overflow: 0.930948 HPWL: 268412097
[NesterovSolve] Iter: 160 overflow: 0.930763 HPWL: 273131590
[NesterovSolve] Iter: 170 overflow: 0.930128 HPWL: 280462259
[NesterovSolve] Iter: 180 overflow: 0.928299 HPWL: 290049246
[NesterovSolve] Iter: 190 overflow: 0.924528 HPWL: 301816194
[NesterovSolve] Iter: 200 overflow: 0.918457 HPWL: 316383893
[NesterovSolve] Iter: 210 overflow: 0.909004 HPWL: 334345078
[NesterovSolve] Iter: 220 overflow: 0.89411 HPWL: 355371907
[NesterovSolve] Iter: 230 overflow: 0.874155 HPWL: 378577411
[NesterovSolve] Iter: 240 overflow: 0.852527 HPWL: 403564355
[NesterovSolve] Iter: 250 overflow: 0.826245 HPWL: 429957174
[NesterovSolve] Iter: 260 overflow: 0.795874 HPWL: 456333756
[NesterovSolve] Iter: 270 overflow: 0.759816 HPWL: 481084916
[NesterovSolve] Iter: 280 overflow: 0.723916 HPWL: 506994714
[NesterovSolve] Iter: 290 overflow: 0.683897 HPWL: 538549887
[NesterovSolve] Iter: 300 overflow: 0.636709 HPWL: 571195715
[NesterovSolve] Iter: 310 overflow: 0.591043 HPWL: 602608489
[NesterovSolve] Iter: 320 overflow: 0.539019 HPWL: 624748457
[NesterovSolve] Iter: 330 overflow: 0.487013 HPWL: 648368603
[NesterovSolve] Iter: 340 overflow: 0.431498 HPWL: 668060446
[NesterovSolve] Iter: 350 overflow: 0.385792 HPWL: 679993510
[NesterovSolve] Iter: 360 overflow: 0.350544 HPWL: 687152180
[NesterovSolve] Iter: 370 overflow: 0.320919 HPWL: 692611018
[NesterovSolve] Iter: 380 overflow: 0.294175 HPWL: 694824963
[NesterovSolve] Iter: 390 overflow: 0.270874 HPWL: 696618002
[NesterovSolve] Iter: 400 overflow: 0.244687 HPWL: 698031823
[NesterovSolve] Iter: 410 overflow: 0.221854 HPWL: 699143853
[NesterovSolve] Iter: 420 overflow: 0.199141 HPWL: 700135580
[NesterovSolve] Iter: 430 overflow: 0.177398 HPWL: 701126376
[NesterovSolve] Iter: 440 overflow: 0.159435 HPWL: 702038620
[NesterovSolve] Iter: 450 overflow: 0.140779 HPWL: 702973942
[NesterovSolve] Iter: 460 overflow: 0.123163 HPWL: 703967366
[NesterovSolve] Iter: 470 overflow: 0.107645 HPWL: 705029970
[NesterovSolve] Finished with Overflow: 0.099445
create_clock [get_ports $::env(CLOCK_PORT)]  -name $::env(CLOCK_PORT)  -period $::env(CLOCK_PERIOD)
set input_delay_value [expr $::env(CLOCK_PERIOD) * $::env(IO_PCT)]
set output_delay_value [expr $::env(CLOCK_PERIOD) * $::env(IO_PCT)]
puts "\[INFO\]: Setting output delay to: $output_delay_value"
[INFO]: Setting output delay to: 8.0
puts "\[INFO\]: Setting input delay to: $input_delay_value"
[INFO]: Setting input delay to: 8.0
set_max_fanout $::env(SYNTH_MAX_FANOUT) [current_design]
set clk_indx [lsearch [all_inputs] [get_port $::env(CLOCK_PORT)]]
#set rst_indx [lsearch [all_inputs] [get_port resetn]]
set all_inputs_wo_clk [lreplace [all_inputs] $clk_indx $clk_indx]
#set all_inputs_wo_clk_rst [lreplace $all_inputs_wo_clk $rst_indx $rst_indx]
set all_inputs_wo_clk_rst $all_inputs_wo_clk
# correct resetn
set_input_delay $input_delay_value  -clock [get_clocks $::env(CLOCK_PORT)] $all_inputs_wo_clk_rst
#set_input_delay 0.0 -clock [get_clocks $::env(CLOCK_PORT)] {resetn}
set_output_delay $output_delay_value  -clock [get_clocks $::env(CLOCK_PORT)] [all_outputs]
# TODO set this as parameter
set_driving_cell -lib_cell $::env(SYNTH_DRIVING_CELL) -pin $::env(SYNTH_DRIVING_CELL_PIN) [all_inputs]
set cap_load [expr $::env(SYNTH_CAP_LOAD) / 1000.0]
puts "\[INFO\]: Setting load to: $cap_load"
[INFO]: Setting load to: 0.01765
set_load  $cap_load [all_outputs]
No paths found.
Startpoint: _31195_ (rising edge-triggered flip-flop clocked by clk)
Endpoint: _31195_ (rising edge-triggered flip-flop clocked by clk)
Path Group: clk
Path Type: min

Fanout     Cap    Slew   Delay    Time   Description
-----------------------------------------------------------------------------
                  0.00    0.00    0.00   clock clk (rise edge)
                          0.00    0.00   clock network delay (ideal)
                  0.00    0.00    0.00 ^ _31195_/CLK (sky130_fd_sc_hd__dfxtp_2)
                  0.03    0.18    0.18 ^ _31195_/Q (sky130_fd_sc_hd__dfxtp_2)
     2    0.00                           cpuregs[0][0] (net)
                  0.03    0.00    0.18 ^ _18489_/A (sky130_fd_sc_hd__buf_1)
                  0.02    0.04    0.23 ^ _18489_/X (sky130_fd_sc_hd__buf_1)
     1    0.00                           _02835_ (net)
                  0.02    0.00    0.23 ^ _31195_/D (sky130_fd_sc_hd__dfxtp_2)
                                  0.23   data arrival time

                  0.00    0.00    0.00   clock clk (rise edge)
                          0.00    0.00   clock network delay (ideal)
                          0.00    0.00   clock reconvergence pessimism
                                  0.00 ^ _31195_/CLK (sky130_fd_sc_hd__dfxtp_2)
                         -0.02   -0.02   library hold time
                                 -0.02   data required time
-----------------------------------------------------------------------------
                                 -0.02   data required time
                                 -0.23   data arrival time
-----------------------------------------------------------------------------
                                  0.25   slack (MET)


Startpoint: _32389_ (rising edge-triggered flip-flop clocked by clk)
Endpoint: _32288_ (rising edge-triggered flip-flop clocked by clk)
Path Group: clk
Path Type: max

Fanout     Cap    Slew   Delay    Time   Description
-----------------------------------------------------------------------------
                  0.00    0.00    0.00   clock clk (rise edge)
                          0.00    0.00   clock network delay (ideal)
                  0.00    0.00    0.00 ^ _32389_/CLK (sky130_fd_sc_hd__dfxtp_2)
                  0.22    0.74    0.74 ^ _32389_/Q (sky130_fd_sc_hd__dfxtp_2)
     4    0.03                           irq_mask[4] (net)
                  0.22    0.00    0.74 ^ _15412_/A (sky130_vsdinv)
                  0.11    0.19    0.93 v _15412_/Y (sky130_vsdinv)
     2    0.01                           _12737_ (net)
                  0.11    0.00    0.93 v _15413_/A (sky130_fd_sc_hd__nand2_2)
                  0.17    0.18    1.11 ^ _15413_/Y (sky130_fd_sc_hd__nand2_2)
     2    0.02                           _12738_ (net)
                  0.17    0.00    1.11 ^ _15418_/B1 (sky130_fd_sc_hd__o2111ai_2)
                  0.21    0.31    1.42 v _15418_/Y (sky130_fd_sc_hd__o2111ai_2)
     1    0.01                           _12743_ (net)
                  0.21    0.00    1.42 v _15427_/A (sky130_fd_sc_hd__nor2_2)
                  0.15    0.25    1.67 ^ _15427_/Y (sky130_fd_sc_hd__nor2_2)
     1    0.01                           _12752_ (net)
                  0.15    0.00    1.67 ^ _15444_/A (sky130_fd_sc_hd__nand3_2)
                  0.18    0.20    1.88 v _15444_/Y (sky130_fd_sc_hd__nand3_2)
     2    0.01                           _12769_ (net)
                  0.18    0.00    1.88 v _15447_/A2 (sky130_fd_sc_hd__o21bai_2)
                  0.57    0.54    2.42 ^ _15447_/Y (sky130_fd_sc_hd__o21bai_2)
     6    0.03                           _12772_ (net)
                  0.57    0.00    2.42 ^ _15448_/D1 (sky130_fd_sc_hd__o2111ai_2)
                  0.45    0.58    3.00 v _15448_/Y (sky130_fd_sc_hd__o2111ai_2)
     3    0.02                           _12773_ (net)
                  0.45    0.00    3.00 v _16146_/C (sky130_fd_sc_hd__nor3_2)
                  0.64    0.65    3.65 ^ _16146_/Y (sky130_fd_sc_hd__nor3_2)
     5    0.02                           _13286_ (net)
                  0.64    0.00    3.65 ^ _16147_/A (sky130_fd_sc_hd__nand3_2)
                  0.38    0.52    4.17 v _16147_/Y (sky130_fd_sc_hd__nand3_2)
     5    0.02                           _13287_ (net)
                  0.38    0.00    4.17 v _16148_/C (sky130_fd_sc_hd__nor3_2)
                  0.57    0.57    4.74 ^ _16148_/Y (sky130_fd_sc_hd__nor3_2)
     4    0.02                           _13288_ (net)
                  0.57    0.00    4.74 ^ _16149_/A (sky130_fd_sc_hd__nand3_2)
                  0.31    0.44    5.18 v _16149_/Y (sky130_fd_sc_hd__nand3_2)
     4    0.02                           _13289_ (net)
                  0.31    0.00    5.18 v _16150_/C (sky130_fd_sc_hd__nor3_2)
                  0.69    0.62    5.80 ^ _16150_/Y (sky130_fd_sc_hd__nor3_2)
     5    0.02                           _13290_ (net)
                  0.69    0.00    5.80 ^ _16151_/A (sky130_fd_sc_hd__nand3_2)
                  0.33    0.48    6.28 v _16151_/Y (sky130_fd_sc_hd__nand3_2)
     4    0.02                           _13291_ (net)
                  0.33    0.00    6.28 v _16152_/C (sky130_fd_sc_hd__nor3_2)
                  0.58    0.54    6.83 ^ _16152_/Y (sky130_fd_sc_hd__nor3_2)
     4    0.02                           _13292_ (net)
                  0.58    0.00    6.83 ^ _16153_/A (sky130_fd_sc_hd__nand3_2)
                  0.36    0.49    7.31 v _16153_/Y (sky130_fd_sc_hd__nand3_2)
     5    0.02                           _13293_ (net)
                  0.36    0.00    7.31 v _16154_/C (sky130_fd_sc_hd__nor3_2)
                  0.45    0.46    7.77 ^ _16154_/Y (sky130_fd_sc_hd__nor3_2)
     3    0.01                           _13294_ (net)
                  0.45    0.00    7.77 ^ _16155_/A (sky130_fd_sc_hd__nand3_2)
                  0.35    0.44    8.21 v _16155_/Y (sky130_fd_sc_hd__nand3_2)
     5    0.02                           _13295_ (net)
                  0.35    0.00    8.21 v _16156_/C (sky130_fd_sc_hd__nor3_2)
                  0.44    0.45    8.66 ^ _16156_/Y (sky130_fd_sc_hd__nor3_2)
     3    0.01                           _13296_ (net)
                  0.44    0.00    8.66 ^ _16157_/A (sky130_fd_sc_hd__nand3_2)
                  0.38    0.46    9.12 v _16157_/Y (sky130_fd_sc_hd__nand3_2)
     5    0.03                           _13297_ (net)
                  0.38    0.00    9.12 v _16158_/C (sky130_fd_sc_hd__nor3_2)
                  0.56    0.56    9.68 ^ _16158_/Y (sky130_fd_sc_hd__nor3_2)
     4    0.02                           _13298_ (net)
                  0.56    0.00    9.69 ^ _16159_/A (sky130_fd_sc_hd__nand3_2)
                  0.31    0.43   10.12 v _16159_/Y (sky130_fd_sc_hd__nand3_2)
     4    0.02                           _13299_ (net)
                  0.31    0.00   10.12 v _16160_/C (sky130_fd_sc_hd__nor3_2)
                  0.56    0.53   10.65 ^ _16160_/Y (sky130_fd_sc_hd__nor3_2)
     4    0.02                           _13300_ (net)
                  0.56    0.00   10.65 ^ _16161_/A (sky130_fd_sc_hd__nand3_2)
                  0.37    0.49   11.14 v _16161_/Y (sky130_fd_sc_hd__nand3_2)
     5    0.02                           _13301_ (net)
                  0.37    0.00   11.14 v _16162_/C (sky130_fd_sc_hd__nor3_2)
                  0.57    0.56   11.70 ^ _16162_/Y (sky130_fd_sc_hd__nor3_2)
     4    0.02                           _13302_ (net)
                  0.57    0.00   11.70 ^ _16163_/A (sky130_fd_sc_hd__nand3_2)
                  0.31    0.44   12.14 v _16163_/Y (sky130_fd_sc_hd__nand3_2)
     4    0.02                           _13303_ (net)
                  0.31    0.00   12.14 v _16164_/C (sky130_fd_sc_hd__nor3_2)
                  0.71    0.64   12.78 ^ _16164_/Y (sky130_fd_sc_hd__nor3_2)
     5    0.02                           _13304_ (net)
                  0.71    0.00   12.78 ^ _16165_/A (sky130_fd_sc_hd__nand3_2)
                  0.34    0.48   13.26 v _16165_/Y (sky130_fd_sc_hd__nand3_2)
     4    0.02                           _13305_ (net)
                  0.34    0.00   13.26 v _16166_/C (sky130_fd_sc_hd__nor3_2)
                  0.71    0.65   13.90 ^ _16166_/Y (sky130_fd_sc_hd__nor3_2)
     5    0.02                           _13306_ (net)
                  0.71    0.00   13.90 ^ _16167_/A (sky130_fd_sc_hd__nand3_2)
                  0.34    0.48   14.38 v _16167_/Y (sky130_fd_sc_hd__nand3_2)
     4    0.02                           _13307_ (net)
                  0.34    0.00   14.38 v _16168_/C (sky130_fd_sc_hd__nor3_2)
                  0.69    0.65   15.03 ^ _16168_/Y (sky130_fd_sc_hd__nor3_2)
     5    0.02                           _13308_ (net)
                  0.69    0.00   15.03 ^ _16169_/A (sky130_fd_sc_hd__nand3_2)
                  0.34    0.48   15.50 v _16169_/Y (sky130_fd_sc_hd__nand3_2)
     4    0.02                           _13309_ (net)
                  0.34    0.00   15.50 v _16170_/C (sky130_fd_sc_hd__nor3_2)
                  0.70    0.65   16.15 ^ _16170_/Y (sky130_fd_sc_hd__nor3_2)
     5    0.02                           _13310_ (net)
                  0.70    0.00   16.15 ^ _16171_/A (sky130_fd_sc_hd__nand3_2)
                  0.34    0.49   16.64 v _16171_/Y (sky130_fd_sc_hd__nand3_2)
     4    0.02                           _13311_ (net)
                  0.34    0.00   16.64 v _16172_/C (sky130_fd_sc_hd__nor3_2)
                  0.72    0.67   17.31 ^ _16172_/Y (sky130_fd_sc_hd__nor3_2)
     5    0.02                           _13312_ (net)
                  0.72    0.00   17.31 ^ _16173_/A (sky130_fd_sc_hd__nand3_2)
                  0.35    0.50   17.81 v _16173_/Y (sky130_fd_sc_hd__nand3_2)
     5    0.02                           _13313_ (net)
                  0.35    0.00   17.81 v _16174_/C (sky130_fd_sc_hd__nor3_2)
                  0.49    0.48   18.30 ^ _16174_/Y (sky130_fd_sc_hd__nor3_2)
     3    0.01                           _13314_ (net)
                  0.49    0.00   18.30 ^ _16175_/A (sky130_fd_sc_hd__nand3_2)
                  0.27    0.38   18.68 v _16175_/Y (sky130_fd_sc_hd__nand3_2)
     4    0.02                           _13315_ (net)
                  0.27    0.00   18.68 v _16176_/A_N (sky130_fd_sc_hd__nand3b_2)
                  0.14    0.53   19.21 v _16176_/Y (sky130_fd_sc_hd__nand3b_2)
     1    0.00                           _13316_ (net)
                  0.14    0.00   19.21 v _16177_/B (sky130_fd_sc_hd__nor2_2)
                  0.14    0.17   19.39 ^ _16177_/Y (sky130_fd_sc_hd__nor2_2)
     1    0.00                           _13317_ (net)
                  0.14    0.00   19.39 ^ _16182_/A (sky130_fd_sc_hd__nor2_2)
                  0.04    0.09   19.48 v _16182_/Y (sky130_fd_sc_hd__nor2_2)
     1    0.00                           _03928_ (net)
                  0.04    0.00   19.48 v _32288_/D (sky130_fd_sc_hd__dfxtp_2)
                                 19.48   data arrival time

                  0.00   40.00   40.00   clock clk (rise edge)
                          0.00   40.00   clock network delay (ideal)
                          0.00   40.00   clock reconvergence pessimism
                                 40.00 ^ _32288_/CLK (sky130_fd_sc_hd__dfxtp_2)
                         -0.28   39.72   library setup time
                                 39.72   data required time
-----------------------------------------------------------------------------
                                 39.72   data required time
                                -19.48   data arrival time
-----------------------------------------------------------------------------
                                 20.24   slack (MET)


No paths found.
wns 0.00
tns 0.00
