OpenROAD 0.9.0 1415572a73
This program is licensed under the BSD-3 license. See the LICENSE file for details.
Components of this program may be licensed under more restrictive licenses which must be honored.
Notice 0: Reading LEF file:  /openLANE_flow/designs/picorv32a/runs/12-09_17-48/tmp/merged_unpadded.lef
Notice 0:     Created 13 technology layers
Notice 0:     Created 25 technology vias
Notice 0:     Created 442 library cells
Notice 0: Finished LEF file:  /openLANE_flow/designs/picorv32a/runs/12-09_17-48/tmp/merged_unpadded.lef
Notice 0: 
Reading DEF file: /openLANE_flow/designs/picorv32a/runs/12-09_17-48/results/floorplan/picorv32a.floorplan.def
Notice 0: Design: picorv32a
Notice 0:     Created 409 pins.
Notice 0:     Created 22598 components and 135882 component-terminals.
Notice 0:     Created 17241 nets and 58350 connections.
Notice 0: Finished DEF file: /openLANE_flow/designs/picorv32a/runs/12-09_17-48/results/floorplan/picorv32a.floorplan.def
[INFO GPL-0002] DBU: 1000
[INFO GPL-0003] SiteSize: 460 2720
[INFO GPL-0004] CoreAreaLxLy: 5520 10880
[INFO GPL-0005] CoreAreaUxUy: 608120 612000
[INFO GPL-0006] NumInstances: 22598
[INFO GPL-0007] NumPlaceInstances: 17139
[INFO GPL-0008] NumFixedInstances: 5459
[INFO GPL-0009] NumDummyInstances: 0
[INFO GPL-0010] NumNets: 17241
[INFO GPL-0011] NumPins: 58759
[INFO GPL-0012] DieAreaLxLy: 0 0
[INFO GPL-0013] DieAreaUxUy: 613915 624635
[INFO GPL-0014] CoreAreaLxLy: 5520 10880
[INFO GPL-0015] CoreAreaUxUy: 608120 612000
[INFO GPL-0016] CoreArea: 362234912000
[INFO GPL-0017] NonPlaceInstsArea: 7936361600
[INFO GPL-0018] PlaceInstsArea: 181730544000
[INFO GPL-0019] Util(%): 51.29
[INFO GPL-0020] StdInstsArea: 181730544000
[INFO GPL-0021] MacroInstsArea: 0
Begin InitialPlace
[InitialPlace]  Iter: 1 CG Error: 0.00032598 HPWL: 375408850
[InitialPlace]  Iter: 2 CG Error: 0.00002020 HPWL: 306867968
[InitialPlace]  Iter: 3 CG Error: 0.00001917 HPWL: 307203823
[InitialPlace]  Iter: 4 CG Error: 0.00002175 HPWL: 307411028
[InitialPlace]  Iter: 5 CG Error: 0.00001233 HPWL: 306946718
[InitialPlace]  Iter: 6 CG Error: 0.00001401 HPWL: 307077176
[InitialPlace]  Iter: 7 CG Error: 0.00000963 HPWL: 306785908
End InitialPlace
[INFO GPL-0031] FillerInit: NumGCells: 18412
[INFO GPL-0032] FillerInit: NumGNets: 17241
[INFO GPL-0033] FillerInit: NumGPins: 58759
[INFO GPL-0023] TargetDensity: 0.55
[INFO GPL-0024] AveragePlaceInstArea: 10603334
[INFO GPL-0025] IdealBinArea: 19278788
[INFO GPL-0026] IdealBinCnt: 18789
[INFO GPL-0027] TotalBinArea: 362234912000
[INFO GPL-0028] BinCnt: 128 128
[INFO GPL-0029] BinSize: 4708 4697
[INFO GPL-0030] NumBins: 16384
Begin NesterovInit
End NesterovInit
[NesterovSolve] Iter: 1 overflow: 0.963607 HPWL: 222903245
[NesterovSolve] Iter: 10 overflow: 0.933033 HPWL: 261891161
[NesterovSolve] Iter: 20 overflow: 0.932291 HPWL: 262561189
[NesterovSolve] Iter: 30 overflow: 0.932175 HPWL: 262416694
[NesterovSolve] Iter: 40 overflow: 0.932095 HPWL: 262642263
[NesterovSolve] Iter: 50 overflow: 0.932259 HPWL: 262670186
[NesterovSolve] Iter: 60 overflow: 0.932115 HPWL: 262681336
[NesterovSolve] Iter: 70 overflow: 0.932086 HPWL: 262677530
[NesterovSolve] Iter: 80 overflow: 0.93205 HPWL: 262719073
[NesterovSolve] Iter: 90 overflow: 0.932032 HPWL: 262773621
[NesterovSolve] Iter: 100 overflow: 0.931994 HPWL: 262893113
[NesterovSolve] Iter: 110 overflow: 0.9319 HPWL: 263124129
[NesterovSolve] Iter: 120 overflow: 0.931799 HPWL: 263566509
[NesterovSolve] Iter: 130 overflow: 0.931708 HPWL: 264362407
[NesterovSolve] Iter: 140 overflow: 0.931556 HPWL: 265800500
[NesterovSolve] Iter: 150 overflow: 0.931335 HPWL: 268476219
[NesterovSolve] Iter: 160 overflow: 0.931168 HPWL: 273215686
[NesterovSolve] Iter: 170 overflow: 0.930533 HPWL: 280562345
[NesterovSolve] Iter: 180 overflow: 0.928748 HPWL: 290165504
[NesterovSolve] Iter: 190 overflow: 0.925046 HPWL: 301955294
[NesterovSolve] Iter: 200 overflow: 0.919015 HPWL: 316570689
[NesterovSolve] Iter: 210 overflow: 0.909795 HPWL: 334622830
[NesterovSolve] Iter: 220 overflow: 0.894915 HPWL: 355772360
[NesterovSolve] Iter: 230 overflow: 0.875013 HPWL: 379183494
[NesterovSolve] Iter: 240 overflow: 0.853686 HPWL: 404415406
[NesterovSolve] Iter: 250 overflow: 0.827549 HPWL: 430998089
[NesterovSolve] Iter: 260 overflow: 0.79705 HPWL: 457745862
[NesterovSolve] Iter: 270 overflow: 0.761302 HPWL: 482669866
[NesterovSolve] Iter: 280 overflow: 0.725622 HPWL: 509002835
[NesterovSolve] Iter: 290 overflow: 0.685732 HPWL: 540902667
[NesterovSolve] Iter: 300 overflow: 0.638683 HPWL: 574475530
[NesterovSolve] Iter: 310 overflow: 0.593001 HPWL: 606964217
[NesterovSolve] Iter: 320 overflow: 0.542264 HPWL: 629817070
[NesterovSolve] Iter: 330 overflow: 0.490523 HPWL: 652700107
[NesterovSolve] Iter: 340 overflow: 0.435311 HPWL: 674092225
[NesterovSolve] Iter: 350 overflow: 0.387633 HPWL: 686646736
[NesterovSolve] Iter: 360 overflow: 0.352646 HPWL: 693427111
[NesterovSolve] Iter: 370 overflow: 0.324636 HPWL: 699041935
[NesterovSolve] Iter: 380 overflow: 0.296205 HPWL: 701295861
[NesterovSolve] Iter: 390 overflow: 0.270926 HPWL: 703016915
[NesterovSolve] Iter: 400 overflow: 0.245765 HPWL: 704086218
[NesterovSolve] Iter: 410 overflow: 0.223722 HPWL: 705260379
[NesterovSolve] Iter: 420 overflow: 0.201303 HPWL: 706288568
[NesterovSolve] Iter: 430 overflow: 0.180119 HPWL: 707217955
[NesterovSolve] Iter: 440 overflow: 0.161497 HPWL: 708290237
[NesterovSolve] Iter: 450 overflow: 0.143819 HPWL: 709323929
[NesterovSolve] Iter: 460 overflow: 0.125953 HPWL: 710401679
[NesterovSolve] Iter: 470 overflow: 0.110593 HPWL: 711557535
[NesterovSolve] Finished with Overflow: 0.098796
create_clock [get_ports $::env(CLOCK_PORT)]  -name $::env(CLOCK_PORT)  -period $::env(CLOCK_PERIOD)
set input_delay_value [expr $::env(CLOCK_PERIOD) * $::env(IO_PCT)]
set output_delay_value [expr $::env(CLOCK_PERIOD) * $::env(IO_PCT)]
puts "\[INFO\]: Setting output delay to: $output_delay_value"
[INFO]: Setting output delay to: 8.0
puts "\[INFO\]: Setting input delay to: $input_delay_value"
[INFO]: Setting input delay to: 8.0
set_max_fanout $::env(SYNTH_MAX_FANOUT) [current_design]
set clk_indx [lsearch [all_inputs] [get_port $::env(CLOCK_PORT)]]
#set rst_indx [lsearch [all_inputs] [get_port resetn]]
set all_inputs_wo_clk [lreplace [all_inputs] $clk_indx $clk_indx]
#set all_inputs_wo_clk_rst [lreplace $all_inputs_wo_clk $rst_indx $rst_indx]
set all_inputs_wo_clk_rst $all_inputs_wo_clk
# correct resetn
set_input_delay $input_delay_value  -clock [get_clocks $::env(CLOCK_PORT)] $all_inputs_wo_clk_rst
#set_input_delay 0.0 -clock [get_clocks $::env(CLOCK_PORT)] {resetn}
set_output_delay $output_delay_value  -clock [get_clocks $::env(CLOCK_PORT)] [all_outputs]
# TODO set this as parameter
set_driving_cell -lib_cell $::env(SYNTH_DRIVING_CELL) -pin $::env(SYNTH_DRIVING_CELL_PIN) [all_inputs]
set cap_load [expr $::env(SYNTH_CAP_LOAD) / 1000.0]
puts "\[INFO\]: Setting load to: $cap_load"
[INFO]: Setting load to: 0.01765
set_load  $cap_load [all_outputs]
No paths found.
Startpoint: _31195_ (rising edge-triggered flip-flop clocked by clk)
Endpoint: _31195_ (rising edge-triggered flip-flop clocked by clk)
Path Group: clk
Path Type: min

Fanout     Cap    Slew   Delay    Time   Description
-----------------------------------------------------------------------------
                  0.00    0.00    0.00   clock clk (rise edge)
                          0.00    0.00   clock network delay (ideal)
                  0.00    0.00    0.00 ^ _31195_/CLK (sky130_fd_sc_hd__dfxtp_2)
                  0.03    0.18    0.18 ^ _31195_/Q (sky130_fd_sc_hd__dfxtp_2)
     2    0.00                           cpuregs[0][0] (net)
                  0.03    0.00    0.18 ^ _18489_/A (sky130_fd_sc_hd__buf_1)
                  0.02    0.05    0.23 ^ _18489_/X (sky130_fd_sc_hd__buf_1)
     1    0.00                           _02835_ (net)
                  0.02    0.00    0.23 ^ _31195_/D (sky130_fd_sc_hd__dfxtp_2)
                                  0.23   data arrival time

                  0.00    0.00    0.00   clock clk (rise edge)
                          0.00    0.00   clock network delay (ideal)
                          0.00    0.00   clock reconvergence pessimism
                                  0.00 ^ _31195_/CLK (sky130_fd_sc_hd__dfxtp_2)
                         -0.02   -0.02   library hold time
                                 -0.02   data required time
-----------------------------------------------------------------------------
                                 -0.02   data required time
                                 -0.23   data arrival time
-----------------------------------------------------------------------------
                                  0.25   slack (MET)


Startpoint: _32389_ (rising edge-triggered flip-flop clocked by clk)
Endpoint: _32288_ (rising edge-triggered flip-flop clocked by clk)
Path Group: clk
Path Type: max

Fanout     Cap    Slew   Delay    Time   Description
-----------------------------------------------------------------------------
                  0.00    0.00    0.00   clock clk (rise edge)
                          0.00    0.00   clock network delay (ideal)
                  0.00    0.00    0.00 ^ _32389_/CLK (sky130_fd_sc_hd__dfxtp_2)
                  0.22    0.74    0.74 ^ _32389_/Q (sky130_fd_sc_hd__dfxtp_2)
     4    0.03                           irq_mask[4] (net)
                  0.22    0.00    0.74 ^ _15412_/A (sky130_vsdinv)
                  0.11    0.18    0.93 v _15412_/Y (sky130_vsdinv)
     2    0.01                           _12737_ (net)
                  0.11    0.00    0.93 v _15413_/A (sky130_fd_sc_hd__nand2_2)
                  0.16    0.18    1.10 ^ _15413_/Y (sky130_fd_sc_hd__nand2_2)
     2    0.02                           _12738_ (net)
                  0.16    0.00    1.10 ^ _15418_/B1 (sky130_fd_sc_hd__o2111ai_2)
                  0.21    0.30    1.40 v _15418_/Y (sky130_fd_sc_hd__o2111ai_2)
     1    0.00                           _12743_ (net)
                  0.21    0.00    1.40 v _15427_/A (sky130_fd_sc_hd__nor2_2)
                  0.15    0.25    1.65 ^ _15427_/Y (sky130_fd_sc_hd__nor2_2)
     1    0.01                           _12752_ (net)
                  0.15    0.00    1.65 ^ _15444_/A (sky130_fd_sc_hd__nand3_2)
                  0.19    0.21    1.86 v _15444_/Y (sky130_fd_sc_hd__nand3_2)
     2    0.01                           _12769_ (net)
                  0.19    0.00    1.86 v _15447_/A2 (sky130_fd_sc_hd__o21bai_2)
                  0.54    0.53    2.38 ^ _15447_/Y (sky130_fd_sc_hd__o21bai_2)
     6    0.03                           _12772_ (net)
                  0.54    0.00    2.39 ^ _15448_/D1 (sky130_fd_sc_hd__o2111ai_2)
                  0.45    0.57    2.96 v _15448_/Y (sky130_fd_sc_hd__o2111ai_2)
     3    0.02                           _12773_ (net)
                  0.45    0.00    2.96 v _16146_/C (sky130_fd_sc_hd__nor3_2)
                  0.67    0.67    3.63 ^ _16146_/Y (sky130_fd_sc_hd__nor3_2)
     5    0.02                           _13286_ (net)
                  0.67    0.00    3.63 ^ _16147_/A (sky130_fd_sc_hd__nand3_2)
                  0.38    0.52    4.15 v _16147_/Y (sky130_fd_sc_hd__nand3_2)
     5    0.02                           _13287_ (net)
                  0.38    0.00    4.15 v _16148_/C (sky130_fd_sc_hd__nor3_2)
                  0.57    0.57    4.72 ^ _16148_/Y (sky130_fd_sc_hd__nor3_2)
     4    0.02                           _13288_ (net)
                  0.57    0.00    4.72 ^ _16149_/A (sky130_fd_sc_hd__nand3_2)
                  0.31    0.44    5.16 v _16149_/Y (sky130_fd_sc_hd__nand3_2)
     4    0.02                           _13289_ (net)
                  0.31    0.00    5.16 v _16150_/C (sky130_fd_sc_hd__nor3_2)
                  0.70    0.63    5.78 ^ _16150_/Y (sky130_fd_sc_hd__nor3_2)
     5    0.02                           _13290_ (net)
                  0.70    0.00    5.79 ^ _16151_/A (sky130_fd_sc_hd__nand3_2)
                  0.33    0.48    6.27 v _16151_/Y (sky130_fd_sc_hd__nand3_2)
     4    0.02                           _13291_ (net)
                  0.33    0.00    6.27 v _16152_/C (sky130_fd_sc_hd__nor3_2)
                  0.58    0.55    6.81 ^ _16152_/Y (sky130_fd_sc_hd__nor3_2)
     4    0.02                           _13292_ (net)
                  0.58    0.00    6.81 ^ _16153_/A (sky130_fd_sc_hd__nand3_2)
                  0.36    0.48    7.30 v _16153_/Y (sky130_fd_sc_hd__nand3_2)
     5    0.02                           _13293_ (net)
                  0.36    0.00    7.30 v _16154_/C (sky130_fd_sc_hd__nor3_2)
                  0.45    0.46    7.75 ^ _16154_/Y (sky130_fd_sc_hd__nor3_2)
     3    0.01                           _13294_ (net)
                  0.45    0.00    7.75 ^ _16155_/A (sky130_fd_sc_hd__nand3_2)
                  0.35    0.44    8.19 v _16155_/Y (sky130_fd_sc_hd__nand3_2)
     5    0.02                           _13295_ (net)
                  0.35    0.00    8.19 v _16156_/C (sky130_fd_sc_hd__nor3_2)
                  0.44    0.45    8.64 ^ _16156_/Y (sky130_fd_sc_hd__nor3_2)
     3    0.01                           _13296_ (net)
                  0.44    0.00    8.64 ^ _16157_/A (sky130_fd_sc_hd__nand3_2)
                  0.34    0.43    9.07 v _16157_/Y (sky130_fd_sc_hd__nand3_2)
     5    0.02                           _13297_ (net)
                  0.34    0.00    9.07 v _16158_/C (sky130_fd_sc_hd__nor3_2)
                  0.64    0.61    9.68 ^ _16158_/Y (sky130_fd_sc_hd__nor3_2)
     4    0.02                           _13298_ (net)
                  0.64    0.00    9.68 ^ _16159_/A (sky130_fd_sc_hd__nand3_2)
                  0.32    0.47   10.14 v _16159_/Y (sky130_fd_sc_hd__nand3_2)
     4    0.02                           _13299_ (net)
                  0.32    0.00   10.14 v _16160_/C (sky130_fd_sc_hd__nor3_2)
                  0.56    0.53   10.67 ^ _16160_/Y (sky130_fd_sc_hd__nor3_2)
     4    0.02                           _13300_ (net)
                  0.56    0.00   10.67 ^ _16161_/A (sky130_fd_sc_hd__nand3_2)
                  0.37    0.49   11.16 v _16161_/Y (sky130_fd_sc_hd__nand3_2)
     5    0.02                           _13301_ (net)
                  0.37    0.00   11.17 v _16162_/C (sky130_fd_sc_hd__nor3_2)
                  0.55    0.55   11.72 ^ _16162_/Y (sky130_fd_sc_hd__nor3_2)
     4    0.02                           _13302_ (net)
                  0.55    0.00   11.72 ^ _16163_/A (sky130_fd_sc_hd__nand3_2)
                  0.30    0.43   12.14 v _16163_/Y (sky130_fd_sc_hd__nand3_2)
     4    0.02                           _13303_ (net)
                  0.30    0.00   12.14 v _16164_/C (sky130_fd_sc_hd__nor3_2)
                  0.69    0.63   12.78 ^ _16164_/Y (sky130_fd_sc_hd__nor3_2)
     5    0.02                           _13304_ (net)
                  0.69    0.00   12.78 ^ _16165_/A (sky130_fd_sc_hd__nand3_2)
                  0.33    0.48   13.26 v _16165_/Y (sky130_fd_sc_hd__nand3_2)
     4    0.02                           _13305_ (net)
                  0.33    0.00   13.26 v _16166_/C (sky130_fd_sc_hd__nor3_2)
                  0.70    0.64   13.89 ^ _16166_/Y (sky130_fd_sc_hd__nor3_2)
     5    0.02                           _13306_ (net)
                  0.70    0.00   13.89 ^ _16167_/A (sky130_fd_sc_hd__nand3_2)
                  0.33    0.48   14.37 v _16167_/Y (sky130_fd_sc_hd__nand3_2)
     4    0.02                           _13307_ (net)
                  0.33    0.00   14.37 v _16168_/C (sky130_fd_sc_hd__nor3_2)
                  0.71    0.65   15.02 ^ _16168_/Y (sky130_fd_sc_hd__nor3_2)
     5    0.02                           _13308_ (net)
                  0.71    0.00   15.02 ^ _16169_/A (sky130_fd_sc_hd__nand3_2)
                  0.34    0.48   15.50 v _16169_/Y (sky130_fd_sc_hd__nand3_2)
     4    0.02                           _13309_ (net)
                  0.34    0.00   15.50 v _16170_/C (sky130_fd_sc_hd__nor3_2)
                  0.69    0.65   16.15 ^ _16170_/Y (sky130_fd_sc_hd__nor3_2)
     5    0.02                           _13310_ (net)
                  0.69    0.00   16.15 ^ _16171_/A (sky130_fd_sc_hd__nand3_2)
                  0.33    0.48   16.63 v _16171_/Y (sky130_fd_sc_hd__nand3_2)
     4    0.02                           _13311_ (net)
                  0.33    0.00   16.63 v _16172_/C (sky130_fd_sc_hd__nor3_2)
                  0.72    0.67   17.30 ^ _16172_/Y (sky130_fd_sc_hd__nor3_2)
     5    0.02                           _13312_ (net)
                  0.72    0.00   17.30 ^ _16173_/A (sky130_fd_sc_hd__nand3_2)
                  0.35    0.51   17.80 v _16173_/Y (sky130_fd_sc_hd__nand3_2)
     5    0.02                           _13313_ (net)
                  0.35    0.00   17.80 v _16174_/C (sky130_fd_sc_hd__nor3_2)
                  0.50    0.50   18.30 ^ _16174_/Y (sky130_fd_sc_hd__nor3_2)
     3    0.02                           _13314_ (net)
                  0.50    0.00   18.30 ^ _16175_/A (sky130_fd_sc_hd__nand3_2)
                  0.27    0.39   18.69 v _16175_/Y (sky130_fd_sc_hd__nand3_2)
     4    0.02                           _13315_ (net)
                  0.27    0.00   18.69 v _16176_/A_N (sky130_fd_sc_hd__nand3b_2)
                  0.14    0.53   19.22 v _16176_/Y (sky130_fd_sc_hd__nand3b_2)
     1    0.00                           _13316_ (net)
                  0.14    0.00   19.22 v _16177_/B (sky130_fd_sc_hd__nor2_2)
                  0.14    0.18   19.39 ^ _16177_/Y (sky130_fd_sc_hd__nor2_2)
     1    0.00                           _13317_ (net)
                  0.14    0.00   19.39 ^ _16182_/A (sky130_fd_sc_hd__nor2_2)
                  0.04    0.09   19.48 v _16182_/Y (sky130_fd_sc_hd__nor2_2)
     1    0.00                           _03928_ (net)
                  0.04    0.00   19.48 v _32288_/D (sky130_fd_sc_hd__dfxtp_2)
                                 19.48   data arrival time

                  0.00   40.00   40.00   clock clk (rise edge)
                          0.00   40.00   clock network delay (ideal)
                          0.00   40.00   clock reconvergence pessimism
                                 40.00 ^ _32288_/CLK (sky130_fd_sc_hd__dfxtp_2)
                         -0.28   39.72   library setup time
                                 39.72   data required time
-----------------------------------------------------------------------------
                                 39.72   data required time
                                -19.48   data arrival time
-----------------------------------------------------------------------------
                                 20.24   slack (MET)


No paths found.
wns 0.00
tns 0.00
