OpenROAD 0.9.0 1415572a73
This program is licensed under the BSD-3 license. See the LICENSE file for details.
Components of this program may be licensed under more restrictive licenses which must be honored.
Notice 0: Reading LEF file:  /openLANE_flow/designs/picorv32a/runs/12-09_17-48/tmp/merged_unpadded.lef
Notice 0:     Created 13 technology layers
Notice 0:     Created 25 technology vias
Notice 0:     Created 442 library cells
Notice 0: Finished LEF file:  /openLANE_flow/designs/picorv32a/runs/12-09_17-48/tmp/merged_unpadded.lef
Notice 0: 
Reading DEF file: /openLANE_flow/designs/picorv32a/runs/12-09_17-48/tmp/floorplan/76-ioPlacer.def
Notice 0: Design: picorv32a
Notice 0:     Created 409 pins.
Notice 0:     Created 17139 components and 124080 component-terminals.
Notice 0:     Created 17241 nets and 58350 connections.
Notice 0: Finished DEF file: /openLANE_flow/designs/picorv32a/runs/12-09_17-48/tmp/floorplan/76-ioPlacer.def
[INFO GPL-0002] DBU: 1000
[INFO GPL-0003] SiteSize: 460 2720
[INFO GPL-0004] CoreAreaLxLy: 5520 10880
[INFO GPL-0005] CoreAreaUxUy: 679420 682720
[INFO GPL-0006] NumInstances: 17139
[INFO GPL-0007] NumPlaceInstances: 17139
[INFO GPL-0008] NumFixedInstances: 0
[INFO GPL-0009] NumDummyInstances: 0
[INFO GPL-0010] NumNets: 17241
[INFO GPL-0011] NumPins: 58759
[INFO GPL-0012] DieAreaLxLy: 0 0
[INFO GPL-0013] DieAreaUxUy: 685075 695795
[INFO GPL-0014] CoreAreaLxLy: 5520 10880
[INFO GPL-0015] CoreAreaUxUy: 679420 682720
[INFO GPL-0016] CoreArea: 452752976000
[INFO GPL-0017] NonPlaceInstsArea: 0
[INFO GPL-0018] PlaceInstsArea: 181730544000
[INFO GPL-0019] Util(%): 40.14
[INFO GPL-0020] StdInstsArea: 181730544000
[INFO GPL-0021] MacroInstsArea: 0
Begin InitialPlace
[InitialPlace]  Iter: 1 CG Error: 0.00024701 HPWL: 402420630
[InitialPlace]  Iter: 2 CG Error: 0.00002008 HPWL: 324548033
[InitialPlace]  Iter: 3 CG Error: 0.00001877 HPWL: 324862180
[InitialPlace]  Iter: 4 CG Error: 0.00002633 HPWL: 324988541
[InitialPlace]  Iter: 5 CG Error: 0.00001166 HPWL: 324469474
[InitialPlace]  Iter: 6 CG Error: 0.00001119 HPWL: 324565555
[InitialPlace]  Iter: 7 CG Error: 0.00001063 HPWL: 324256755
[InitialPlace]  Iter: 8 CG Error: 0.00001124 HPWL: 324466680
[InitialPlace]  Iter: 9 CG Error: 0.00000756 HPWL: 324074531
End InitialPlace
[INFO GPL-0031] FillerInit: NumGCells: 19272
[INFO GPL-0032] FillerInit: NumGNets: 17241
[INFO GPL-0033] FillerInit: NumGPins: 58759
[INFO GPL-0023] TargetDensity: 0.45
[INFO GPL-0024] AveragePlaceInstArea: 10603334
[INFO GPL-0025] IdealBinArea: 23562966
[INFO GPL-0026] IdealBinCnt: 19214
[INFO GPL-0027] TotalBinArea: 452752976000
[INFO GPL-0028] BinCnt: 128 128
[INFO GPL-0029] BinSize: 5265 5249
[INFO GPL-0030] NumBins: 16384
Begin NesterovInit
End NesterovInit
[NesterovSolve] Iter: 1 overflow: 0.963554 HPWL: 244164551
[NesterovSolve] Iter: 10 overflow: 0.932056 HPWL: 289608101
[NesterovSolve] Iter: 20 overflow: 0.931386 HPWL: 290373762
[NesterovSolve] Iter: 30 overflow: 0.931266 HPWL: 290249186
[NesterovSolve] Iter: 40 overflow: 0.931019 HPWL: 290516812
[NesterovSolve] Iter: 50 overflow: 0.93132 HPWL: 290579599
[NesterovSolve] Iter: 60 overflow: 0.931221 HPWL: 290599610
[NesterovSolve] Iter: 70 overflow: 0.93123 HPWL: 290594247
[NesterovSolve] Iter: 80 overflow: 0.931163 HPWL: 290630082
[NesterovSolve] Iter: 90 overflow: 0.931158 HPWL: 290689139
[NesterovSolve] Iter: 100 overflow: 0.931124 HPWL: 290829904
[NesterovSolve] Iter: 110 overflow: 0.931001 HPWL: 291100650
[NesterovSolve] Iter: 120 overflow: 0.93088 HPWL: 291616994
[NesterovSolve] Iter: 130 overflow: 0.930763 HPWL: 292550616
[NesterovSolve] Iter: 140 overflow: 0.930656 HPWL: 294263619
[NesterovSolve] Iter: 150 overflow: 0.93044 HPWL: 297434797
[NesterovSolve] Iter: 160 overflow: 0.930165 HPWL: 303043423
[NesterovSolve] Iter: 170 overflow: 0.929545 HPWL: 311586487
[NesterovSolve] Iter: 180 overflow: 0.927745 HPWL: 322443306
[NesterovSolve] Iter: 190 overflow: 0.923679 HPWL: 335721243
[NesterovSolve] Iter: 200 overflow: 0.9173 HPWL: 352085813
[NesterovSolve] Iter: 210 overflow: 0.907149 HPWL: 372115783
[NesterovSolve] Iter: 220 overflow: 0.89157 HPWL: 395359207
[NesterovSolve] Iter: 230 overflow: 0.871664 HPWL: 420825655
[NesterovSolve] Iter: 240 overflow: 0.850313 HPWL: 448415779
[NesterovSolve] Iter: 250 overflow: 0.824058 HPWL: 477569449
[NesterovSolve] Iter: 260 overflow: 0.79192 HPWL: 506533905
[NesterovSolve] Iter: 270 overflow: 0.756447 HPWL: 534240406
[NesterovSolve] Iter: 280 overflow: 0.71881 HPWL: 563362861
[NesterovSolve] Iter: 290 overflow: 0.678381 HPWL: 595887195
[NesterovSolve] Iter: 300 overflow: 0.630122 HPWL: 629733816
[NesterovSolve] Iter: 310 overflow: 0.580884 HPWL: 663366883
[NesterovSolve] Iter: 320 overflow: 0.528611 HPWL: 689243563
[NesterovSolve] Iter: 330 overflow: 0.477763 HPWL: 713733656
[NesterovSolve] Iter: 340 overflow: 0.432879 HPWL: 734574184
[NesterovSolve] Iter: 350 overflow: 0.387693 HPWL: 750426023
[NesterovSolve] Iter: 360 overflow: 0.346095 HPWL: 761344408
[NesterovSolve] Iter: 370 overflow: 0.320685 HPWL: 765872145
[NesterovSolve] Iter: 380 overflow: 0.292057 HPWL: 768479130
[NesterovSolve] Iter: 390 overflow: 0.267256 HPWL: 770869882
[NesterovSolve] Iter: 400 overflow: 0.242266 HPWL: 772490378
[NesterovSolve] Iter: 410 overflow: 0.218784 HPWL: 773598121
[NesterovSolve] Iter: 420 overflow: 0.197843 HPWL: 774546311
[NesterovSolve] Iter: 430 overflow: 0.177029 HPWL: 775400610
[NesterovSolve] Iter: 440 overflow: 0.156953 HPWL: 776273643
[NesterovSolve] Iter: 450 overflow: 0.140265 HPWL: 777284725
[NesterovSolve] Iter: 460 overflow: 0.123027 HPWL: 778328719
[NesterovSolve] Iter: 470 overflow: 0.107765 HPWL: 779584182
[NesterovSolve] Finished with Overflow: 0.098674
create_clock [get_ports $::env(CLOCK_PORT)]  -name $::env(CLOCK_PORT)  -period $::env(CLOCK_PERIOD)
set input_delay_value [expr $::env(CLOCK_PERIOD) * $::env(IO_PCT)]
set output_delay_value [expr $::env(CLOCK_PERIOD) * $::env(IO_PCT)]
puts "\[INFO\]: Setting output delay to: $output_delay_value"
[INFO]: Setting output delay to: 8.0
puts "\[INFO\]: Setting input delay to: $input_delay_value"
[INFO]: Setting input delay to: 8.0
set_max_fanout $::env(SYNTH_MAX_FANOUT) [current_design]
set clk_indx [lsearch [all_inputs] [get_port $::env(CLOCK_PORT)]]
#set rst_indx [lsearch [all_inputs] [get_port resetn]]
set all_inputs_wo_clk [lreplace [all_inputs] $clk_indx $clk_indx]
#set all_inputs_wo_clk_rst [lreplace $all_inputs_wo_clk $rst_indx $rst_indx]
set all_inputs_wo_clk_rst $all_inputs_wo_clk
# correct resetn
set_input_delay $input_delay_value  -clock [get_clocks $::env(CLOCK_PORT)] $all_inputs_wo_clk_rst
#set_input_delay 0.0 -clock [get_clocks $::env(CLOCK_PORT)] {resetn}
set_output_delay $output_delay_value  -clock [get_clocks $::env(CLOCK_PORT)] [all_outputs]
# TODO set this as parameter
set_driving_cell -lib_cell $::env(SYNTH_DRIVING_CELL) -pin $::env(SYNTH_DRIVING_CELL_PIN) [all_inputs]
set cap_load [expr $::env(SYNTH_CAP_LOAD) / 1000.0]
puts "\[INFO\]: Setting load to: $cap_load"
[INFO]: Setting load to: 0.01765
set_load  $cap_load [all_outputs]
No paths found.
Startpoint: _31195_ (rising edge-triggered flip-flop clocked by clk)
Endpoint: _31195_ (rising edge-triggered flip-flop clocked by clk)
Path Group: clk
Path Type: min

Fanout     Cap    Slew   Delay    Time   Description
-----------------------------------------------------------------------------
                  0.00    0.00    0.00   clock clk (rise edge)
                          0.00    0.00   clock network delay (ideal)
                  0.00    0.00    0.00 ^ _31195_/CLK (sky130_fd_sc_hd__dfxtp_2)
                  0.03    0.18    0.18 ^ _31195_/Q (sky130_fd_sc_hd__dfxtp_2)
     2    0.00                           cpuregs[0][0] (net)
                  0.03    0.00    0.18 ^ _18489_/A (sky130_fd_sc_hd__buf_1)
                  0.02    0.04    0.23 ^ _18489_/X (sky130_fd_sc_hd__buf_1)
     1    0.00                           _02835_ (net)
                  0.02    0.00    0.23 ^ _31195_/D (sky130_fd_sc_hd__dfxtp_2)
                                  0.23   data arrival time

                  0.00    0.00    0.00   clock clk (rise edge)
                          0.00    0.00   clock network delay (ideal)
                          0.00    0.00   clock reconvergence pessimism
                                  0.00 ^ _31195_/CLK (sky130_fd_sc_hd__dfxtp_2)
                         -0.02   -0.02   library hold time
                                 -0.02   data required time
-----------------------------------------------------------------------------
                                 -0.02   data required time
                                 -0.23   data arrival time
-----------------------------------------------------------------------------
                                  0.24   slack (MET)


Startpoint: _32392_ (rising edge-triggered flip-flop clocked by clk)
Endpoint: _32288_ (rising edge-triggered flip-flop clocked by clk)
Path Group: clk
Path Type: max

Fanout     Cap    Slew   Delay    Time   Description
-----------------------------------------------------------------------------
                  0.00    0.00    0.00   clock clk (rise edge)
                          0.00    0.00   clock network delay (ideal)
                  0.00    0.00    0.00 ^ _32392_/CLK (sky130_fd_sc_hd__dfxtp_2)
                  0.21    0.73    0.73 ^ _32392_/Q (sky130_fd_sc_hd__dfxtp_2)
     4    0.02                           irq_mask[7] (net)
                  0.21    0.00    0.73 ^ _15414_/A (sky130_vsdinv)
                  0.11    0.18    0.91 v _15414_/Y (sky130_vsdinv)
     2    0.01                           _12739_ (net)
                  0.11    0.00    0.91 v _15415_/A (sky130_fd_sc_hd__nand2_2)
                  0.21    0.22    1.13 ^ _15415_/Y (sky130_fd_sc_hd__nand2_2)
     2    0.02                           _12740_ (net)
                  0.21    0.00    1.13 ^ _15418_/C1 (sky130_fd_sc_hd__o2111ai_2)
                  0.21    0.30    1.44 v _15418_/Y (sky130_fd_sc_hd__o2111ai_2)
     1    0.00                           _12743_ (net)
                  0.21    0.00    1.44 v _15427_/A (sky130_fd_sc_hd__nor2_2)
                  0.15    0.25    1.69 ^ _15427_/Y (sky130_fd_sc_hd__nor2_2)
     1    0.01                           _12752_ (net)
                  0.15    0.00    1.69 ^ _15444_/A (sky130_fd_sc_hd__nand3_2)
                  0.21    0.22    1.91 v _15444_/Y (sky130_fd_sc_hd__nand3_2)
     2    0.01                           _12769_ (net)
                  0.21    0.00    1.91 v _15447_/A2 (sky130_fd_sc_hd__o21bai_2)
                  0.53    0.53    2.44 ^ _15447_/Y (sky130_fd_sc_hd__o21bai_2)
     6    0.03                           _12772_ (net)
                  0.53    0.00    2.44 ^ _15448_/D1 (sky130_fd_sc_hd__o2111ai_2)
                  0.48    0.60    3.03 v _15448_/Y (sky130_fd_sc_hd__o2111ai_2)
     3    0.02                           _12773_ (net)
                  0.48    0.00    3.03 v _16146_/C (sky130_fd_sc_hd__nor3_2)
                  0.64    0.66    3.70 ^ _16146_/Y (sky130_fd_sc_hd__nor3_2)
     5    0.02                           _13286_ (net)
                  0.64    0.00    3.70 ^ _16147_/A (sky130_fd_sc_hd__nand3_2)
                  0.38    0.52    4.21 v _16147_/Y (sky130_fd_sc_hd__nand3_2)
     5    0.02                           _13287_ (net)
                  0.38    0.00    4.21 v _16148_/C (sky130_fd_sc_hd__nor3_2)
                  0.56    0.56    4.77 ^ _16148_/Y (sky130_fd_sc_hd__nor3_2)
     4    0.02                           _13288_ (net)
                  0.56    0.00    4.77 ^ _16149_/A (sky130_fd_sc_hd__nand3_2)
                  0.32    0.44    5.21 v _16149_/Y (sky130_fd_sc_hd__nand3_2)
     4    0.02                           _13289_ (net)
                  0.32    0.00    5.21 v _16150_/C (sky130_fd_sc_hd__nor3_2)
                  0.70    0.64    5.86 ^ _16150_/Y (sky130_fd_sc_hd__nor3_2)
     5    0.02                           _13290_ (net)
                  0.70    0.00    5.86 ^ _16151_/A (sky130_fd_sc_hd__nand3_2)
                  0.33    0.48    6.34 v _16151_/Y (sky130_fd_sc_hd__nand3_2)
     4    0.02                           _13291_ (net)
                  0.33    0.00    6.34 v _16152_/C (sky130_fd_sc_hd__nor3_2)
                  0.58    0.55    6.89 ^ _16152_/Y (sky130_fd_sc_hd__nor3_2)
     4    0.02                           _13292_ (net)
                  0.58    0.00    6.89 ^ _16153_/A (sky130_fd_sc_hd__nand3_2)
                  0.37    0.49    7.38 v _16153_/Y (sky130_fd_sc_hd__nand3_2)
     5    0.02                           _13293_ (net)
                  0.37    0.00    7.38 v _16154_/C (sky130_fd_sc_hd__nor3_2)
                  0.45    0.46    7.84 ^ _16154_/Y (sky130_fd_sc_hd__nor3_2)
     3    0.01                           _13294_ (net)
                  0.45    0.00    7.84 ^ _16155_/A (sky130_fd_sc_hd__nand3_2)
                  0.35    0.44    8.28 v _16155_/Y (sky130_fd_sc_hd__nand3_2)
     5    0.02                           _13295_ (net)
                  0.35    0.00    8.28 v _16156_/C (sky130_fd_sc_hd__nor3_2)
                  0.45    0.47    8.75 ^ _16156_/Y (sky130_fd_sc_hd__nor3_2)
     3    0.01                           _13296_ (net)
                  0.45    0.00    8.75 ^ _16157_/A (sky130_fd_sc_hd__nand3_2)
                  0.37    0.46    9.21 v _16157_/Y (sky130_fd_sc_hd__nand3_2)
     5    0.03                           _13297_ (net)
                  0.37    0.00    9.21 v _16158_/C (sky130_fd_sc_hd__nor3_2)
                  0.59    0.57    9.78 ^ _16158_/Y (sky130_fd_sc_hd__nor3_2)
     4    0.02                           _13298_ (net)
                  0.59    0.00    9.78 ^ _16159_/A (sky130_fd_sc_hd__nand3_2)
                  0.32    0.45   10.22 v _16159_/Y (sky130_fd_sc_hd__nand3_2)
     4    0.02                           _13299_ (net)
                  0.32    0.00   10.23 v _16160_/C (sky130_fd_sc_hd__nor3_2)
                  0.58    0.54   10.77 ^ _16160_/Y (sky130_fd_sc_hd__nor3_2)
     4    0.02                           _13300_ (net)
                  0.58    0.00   10.77 ^ _16161_/A (sky130_fd_sc_hd__nand3_2)
                  0.38    0.51   11.27 v _16161_/Y (sky130_fd_sc_hd__nand3_2)
     5    0.03                           _13301_ (net)
                  0.38    0.00   11.27 v _16162_/C (sky130_fd_sc_hd__nor3_2)
                  0.57    0.56   11.83 ^ _16162_/Y (sky130_fd_sc_hd__nor3_2)
     4    0.02                           _13302_ (net)
                  0.57    0.00   11.83 ^ _16163_/A (sky130_fd_sc_hd__nand3_2)
                  0.31    0.44   12.27 v _16163_/Y (sky130_fd_sc_hd__nand3_2)
     4    0.02                           _13303_ (net)
                  0.31    0.00   12.28 v _16164_/C (sky130_fd_sc_hd__nor3_2)
                  0.68    0.63   12.91 ^ _16164_/Y (sky130_fd_sc_hd__nor3_2)
     5    0.02                           _13304_ (net)
                  0.68    0.00   12.91 ^ _16165_/A (sky130_fd_sc_hd__nand3_2)
                  0.33    0.48   13.39 v _16165_/Y (sky130_fd_sc_hd__nand3_2)
     4    0.02                           _13305_ (net)
                  0.33    0.00   13.39 v _16166_/C (sky130_fd_sc_hd__nor3_2)
                  0.70    0.65   14.04 ^ _16166_/Y (sky130_fd_sc_hd__nor3_2)
     5    0.02                           _13306_ (net)
                  0.70    0.00   14.04 ^ _16167_/A (sky130_fd_sc_hd__nand3_2)
                  0.33    0.48   14.52 v _16167_/Y (sky130_fd_sc_hd__nand3_2)
     4    0.02                           _13307_ (net)
                  0.33    0.00   14.52 v _16168_/C (sky130_fd_sc_hd__nor3_2)
                  0.70    0.65   15.17 ^ _16168_/Y (sky130_fd_sc_hd__nor3_2)
     5    0.02                           _13308_ (net)
                  0.70    0.00   15.17 ^ _16169_/A (sky130_fd_sc_hd__nand3_2)
                  0.34    0.48   15.65 v _16169_/Y (sky130_fd_sc_hd__nand3_2)
     4    0.02                           _13309_ (net)
                  0.34    0.00   15.65 v _16170_/C (sky130_fd_sc_hd__nor3_2)
                  0.69    0.65   16.30 ^ _16170_/Y (sky130_fd_sc_hd__nor3_2)
     5    0.02                           _13310_ (net)
                  0.69    0.00   16.30 ^ _16171_/A (sky130_fd_sc_hd__nand3_2)
                  0.33    0.48   16.78 v _16171_/Y (sky130_fd_sc_hd__nand3_2)
     4    0.02                           _13311_ (net)
                  0.33    0.00   16.78 v _16172_/C (sky130_fd_sc_hd__nor3_2)
                  0.69    0.64   17.43 ^ _16172_/Y (sky130_fd_sc_hd__nor3_2)
     5    0.02                           _13312_ (net)
                  0.69    0.00   17.43 ^ _16173_/A (sky130_fd_sc_hd__nand3_2)
                  0.34    0.49   17.92 v _16173_/Y (sky130_fd_sc_hd__nand3_2)
     5    0.02                           _13313_ (net)
                  0.34    0.00   17.92 v _16174_/C (sky130_fd_sc_hd__nor3_2)
                  0.50    0.49   18.41 ^ _16174_/Y (sky130_fd_sc_hd__nor3_2)
     3    0.02                           _13314_ (net)
                  0.50    0.00   18.41 ^ _16175_/A (sky130_fd_sc_hd__nand3_2)
                  0.28    0.39   18.80 v _16175_/Y (sky130_fd_sc_hd__nand3_2)
     4    0.02                           _13315_ (net)
                  0.28    0.00   18.80 v _16176_/A_N (sky130_fd_sc_hd__nand3b_2)
                  0.14    0.53   19.33 v _16176_/Y (sky130_fd_sc_hd__nand3b_2)
     1    0.00                           _13316_ (net)
                  0.14    0.00   19.33 v _16177_/B (sky130_fd_sc_hd__nor2_2)
                  0.14    0.17   19.50 ^ _16177_/Y (sky130_fd_sc_hd__nor2_2)
     1    0.00                           _13317_ (net)
                  0.14    0.00   19.50 ^ _16182_/A (sky130_fd_sc_hd__nor2_2)
                  0.04    0.09   19.59 v _16182_/Y (sky130_fd_sc_hd__nor2_2)
     1    0.00                           _03928_ (net)
                  0.04    0.00   19.59 v _32288_/D (sky130_fd_sc_hd__dfxtp_2)
                                 19.59   data arrival time

                  0.00   40.00   40.00   clock clk (rise edge)
                          0.00   40.00   clock network delay (ideal)
                          0.00   40.00   clock reconvergence pessimism
                                 40.00 ^ _32288_/CLK (sky130_fd_sc_hd__dfxtp_2)
                         -0.28   39.72   library setup time
                                 39.72   data required time
-----------------------------------------------------------------------------
                                 39.72   data required time
                                -19.59   data arrival time
-----------------------------------------------------------------------------
                                 20.13   slack (MET)


No paths found.
wns 0.00
tns 0.00
