OpenROAD 0.9.0 1415572a73
This program is licensed under the BSD-3 license. See the LICENSE file for details.
Components of this program may be licensed under more restrictive licenses which must be honored.
Notice 0: Reading LEF file:  /openLANE_flow/designs/picorv32a/runs/12-09_17-48/tmp/merged_unpadded.lef
Notice 0:     Created 13 technology layers
Notice 0:     Created 25 technology vias
Notice 0:     Created 442 library cells
Notice 0: Finished LEF file:  /openLANE_flow/designs/picorv32a/runs/12-09_17-48/tmp/merged_unpadded.lef
Notice 0: 
Reading DEF file: /openLANE_flow/designs/picorv32a/runs/12-09_17-48/results/floorplan/picorv32a.floorplan.def
Notice 0: Design: picorv32a
Notice 0:     Created 409 pins.
Notice 0:     Created 23980 components and 138750 component-terminals.
Notice 0:     Created 17241 nets and 58350 connections.
Notice 0: Finished DEF file: /openLANE_flow/designs/picorv32a/runs/12-09_17-48/results/floorplan/picorv32a.floorplan.def
[INFO GPL-0002] DBU: 1000
[INFO GPL-0003] SiteSize: 460 2720
[INFO GPL-0004] CoreAreaLxLy: 5520 10880
[INFO GPL-0005] CoreAreaUxUy: 679420 682720
[INFO GPL-0006] NumInstances: 23980
[INFO GPL-0007] NumPlaceInstances: 17139
[INFO GPL-0008] NumFixedInstances: 6841
[INFO GPL-0009] NumDummyInstances: 0
[INFO GPL-0010] NumNets: 17241
[INFO GPL-0011] NumPins: 58759
[INFO GPL-0012] DieAreaLxLy: 0 0
[INFO GPL-0013] DieAreaUxUy: 685075 695795
[INFO GPL-0014] CoreAreaLxLy: 5520 10880
[INFO GPL-0015] CoreAreaUxUy: 679420 682720
[INFO GPL-0016] CoreArea: 452752976000
[INFO GPL-0017] NonPlaceInstsArea: 9795644800
[INFO GPL-0018] PlaceInstsArea: 181730544000
[INFO GPL-0019] Util(%): 41.03
[INFO GPL-0020] StdInstsArea: 181730544000
[INFO GPL-0021] MacroInstsArea: 0
Begin InitialPlace
[InitialPlace]  Iter: 1 CG Error: 0.00024701 HPWL: 402420630
[InitialPlace]  Iter: 2 CG Error: 0.00002008 HPWL: 324548033
[InitialPlace]  Iter: 3 CG Error: 0.00001877 HPWL: 324862180
[InitialPlace]  Iter: 4 CG Error: 0.00002633 HPWL: 324988541
[InitialPlace]  Iter: 5 CG Error: 0.00001166 HPWL: 324469474
[InitialPlace]  Iter: 6 CG Error: 0.00001119 HPWL: 324565555
[InitialPlace]  Iter: 7 CG Error: 0.00001063 HPWL: 324256755
[InitialPlace]  Iter: 8 CG Error: 0.00001124 HPWL: 324466680
[InitialPlace]  Iter: 9 CG Error: 0.00000756 HPWL: 324074531
End InitialPlace
[INFO GPL-0031] FillerInit: NumGCells: 18844
[INFO GPL-0032] FillerInit: NumGNets: 17241
[INFO GPL-0033] FillerInit: NumGPins: 58759
[INFO GPL-0023] TargetDensity: 0.45
[INFO GPL-0024] AveragePlaceInstArea: 10603334
[INFO GPL-0025] IdealBinArea: 23562966
[INFO GPL-0026] IdealBinCnt: 19214
[INFO GPL-0027] TotalBinArea: 452752976000
[INFO GPL-0028] BinCnt: 128 128
[INFO GPL-0029] BinSize: 5265 5249
[INFO GPL-0030] NumBins: 16384
Begin NesterovInit
End NesterovInit
[NesterovSolve] Iter: 1 overflow: 0.963785 HPWL: 244168414
[NesterovSolve] Iter: 10 overflow: 0.932431 HPWL: 289644933
[NesterovSolve] Iter: 20 overflow: 0.931781 HPWL: 290416708
[NesterovSolve] Iter: 30 overflow: 0.931672 HPWL: 290292844
[NesterovSolve] Iter: 40 overflow: 0.931409 HPWL: 290559068
[NesterovSolve] Iter: 50 overflow: 0.931692 HPWL: 290617829
[NesterovSolve] Iter: 60 overflow: 0.9316 HPWL: 290640052
[NesterovSolve] Iter: 70 overflow: 0.931612 HPWL: 290634835
[NesterovSolve] Iter: 80 overflow: 0.931555 HPWL: 290671894
[NesterovSolve] Iter: 90 overflow: 0.93155 HPWL: 290731227
[NesterovSolve] Iter: 100 overflow: 0.931522 HPWL: 290872973
[NesterovSolve] Iter: 110 overflow: 0.93139 HPWL: 291144674
[NesterovSolve] Iter: 120 overflow: 0.931269 HPWL: 291662305
[NesterovSolve] Iter: 130 overflow: 0.931154 HPWL: 292600515
[NesterovSolve] Iter: 140 overflow: 0.931044 HPWL: 294322317
[NesterovSolve] Iter: 150 overflow: 0.930832 HPWL: 297506453
[NesterovSolve] Iter: 160 overflow: 0.930559 HPWL: 303134033
[NesterovSolve] Iter: 170 overflow: 0.929943 HPWL: 311693355
[NesterovSolve] Iter: 180 overflow: 0.928206 HPWL: 322568149
[NesterovSolve] Iter: 190 overflow: 0.924231 HPWL: 335876034
[NesterovSolve] Iter: 200 overflow: 0.917961 HPWL: 352310393
[NesterovSolve] Iter: 210 overflow: 0.907851 HPWL: 372431700
[NesterovSolve] Iter: 220 overflow: 0.892495 HPWL: 395832433
[NesterovSolve] Iter: 230 overflow: 0.872883 HPWL: 421524497
[NesterovSolve] Iter: 240 overflow: 0.85114 HPWL: 449433364
[NesterovSolve] Iter: 250 overflow: 0.825185 HPWL: 478932391
[NesterovSolve] Iter: 260 overflow: 0.793554 HPWL: 507931420
[NesterovSolve] Iter: 270 overflow: 0.758387 HPWL: 535878887
[NesterovSolve] Iter: 280 overflow: 0.720573 HPWL: 565407598
[NesterovSolve] Iter: 290 overflow: 0.680316 HPWL: 598784723
[NesterovSolve] Iter: 300 overflow: 0.632521 HPWL: 633724155
[NesterovSolve] Iter: 310 overflow: 0.58248 HPWL: 668423576
[NesterovSolve] Iter: 320 overflow: 0.531284 HPWL: 694656477
[NesterovSolve] Iter: 330 overflow: 0.481003 HPWL: 719571012
[NesterovSolve] Iter: 340 overflow: 0.435299 HPWL: 740501684
[NesterovSolve] Iter: 350 overflow: 0.389487 HPWL: 756473306
[NesterovSolve] Iter: 360 overflow: 0.349552 HPWL: 767716350
[NesterovSolve] Iter: 370 overflow: 0.321716 HPWL: 772038723
[NesterovSolve] Iter: 380 overflow: 0.296258 HPWL: 775027699
[NesterovSolve] Iter: 390 overflow: 0.269677 HPWL: 777159515
[NesterovSolve] Iter: 400 overflow: 0.245947 HPWL: 778601853
[NesterovSolve] Iter: 410 overflow: 0.221619 HPWL: 779919829
[NesterovSolve] Iter: 420 overflow: 0.199026 HPWL: 781165537
[NesterovSolve] Iter: 430 overflow: 0.178229 HPWL: 782146488
[NesterovSolve] Iter: 440 overflow: 0.160494 HPWL: 783213580
[NesterovSolve] Iter: 450 overflow: 0.141624 HPWL: 784280267
[NesterovSolve] Iter: 460 overflow: 0.124906 HPWL: 785370904
[NesterovSolve] Iter: 470 overflow: 0.109958 HPWL: 786561440
[NesterovSolve] Finished with Overflow: 0.099058
create_clock [get_ports $::env(CLOCK_PORT)]  -name $::env(CLOCK_PORT)  -period $::env(CLOCK_PERIOD)
set input_delay_value [expr $::env(CLOCK_PERIOD) * $::env(IO_PCT)]
set output_delay_value [expr $::env(CLOCK_PERIOD) * $::env(IO_PCT)]
puts "\[INFO\]: Setting output delay to: $output_delay_value"
[INFO]: Setting output delay to: 8.0
puts "\[INFO\]: Setting input delay to: $input_delay_value"
[INFO]: Setting input delay to: 8.0
set_max_fanout $::env(SYNTH_MAX_FANOUT) [current_design]
set clk_indx [lsearch [all_inputs] [get_port $::env(CLOCK_PORT)]]
#set rst_indx [lsearch [all_inputs] [get_port resetn]]
set all_inputs_wo_clk [lreplace [all_inputs] $clk_indx $clk_indx]
#set all_inputs_wo_clk_rst [lreplace $all_inputs_wo_clk $rst_indx $rst_indx]
set all_inputs_wo_clk_rst $all_inputs_wo_clk
# correct resetn
set_input_delay $input_delay_value  -clock [get_clocks $::env(CLOCK_PORT)] $all_inputs_wo_clk_rst
#set_input_delay 0.0 -clock [get_clocks $::env(CLOCK_PORT)] {resetn}
set_output_delay $output_delay_value  -clock [get_clocks $::env(CLOCK_PORT)] [all_outputs]
# TODO set this as parameter
set_driving_cell -lib_cell $::env(SYNTH_DRIVING_CELL) -pin $::env(SYNTH_DRIVING_CELL_PIN) [all_inputs]
set cap_load [expr $::env(SYNTH_CAP_LOAD) / 1000.0]
puts "\[INFO\]: Setting load to: $cap_load"
[INFO]: Setting load to: 0.01765
set_load  $cap_load [all_outputs]
No paths found.
Startpoint: _31195_ (rising edge-triggered flip-flop clocked by clk)
Endpoint: _31195_ (rising edge-triggered flip-flop clocked by clk)
Path Group: clk
Path Type: min

Fanout     Cap    Slew   Delay    Time   Description
-----------------------------------------------------------------------------
                  0.00    0.00    0.00   clock clk (rise edge)
                          0.00    0.00   clock network delay (ideal)
                  0.00    0.00    0.00 ^ _31195_/CLK (sky130_fd_sc_hd__dfxtp_2)
                  0.03    0.18    0.18 ^ _31195_/Q (sky130_fd_sc_hd__dfxtp_2)
     2    0.00                           cpuregs[0][0] (net)
                  0.03    0.00    0.18 ^ _18489_/A (sky130_fd_sc_hd__buf_1)
                  0.02    0.05    0.23 ^ _18489_/X (sky130_fd_sc_hd__buf_1)
     1    0.00                           _02835_ (net)
                  0.02    0.00    0.23 ^ _31195_/D (sky130_fd_sc_hd__dfxtp_2)
                                  0.23   data arrival time

                  0.00    0.00    0.00   clock clk (rise edge)
                          0.00    0.00   clock network delay (ideal)
                          0.00    0.00   clock reconvergence pessimism
                                  0.00 ^ _31195_/CLK (sky130_fd_sc_hd__dfxtp_2)
                         -0.02   -0.02   library hold time
                                 -0.02   data required time
-----------------------------------------------------------------------------
                                 -0.02   data required time
                                 -0.23   data arrival time
-----------------------------------------------------------------------------
                                  0.25   slack (MET)


Startpoint: _32406_ (rising edge-triggered flip-flop clocked by clk)
Endpoint: _32288_ (rising edge-triggered flip-flop clocked by clk)
Path Group: clk
Path Type: max

Fanout     Cap    Slew   Delay    Time   Description
-----------------------------------------------------------------------------
                  0.00    0.00    0.00   clock clk (rise edge)
                          0.00    0.00   clock network delay (ideal)
                  0.00    0.00    0.00 ^ _32406_/CLK (sky130_fd_sc_hd__dfxtp_2)
                  0.26    0.77    0.77 ^ _32406_/Q (sky130_fd_sc_hd__dfxtp_2)
     4    0.03                           irq_mask[21] (net)
                  0.26    0.00    0.77 ^ _15402_/A (sky130_vsdinv)
                  0.12    0.20    0.97 v _15402_/Y (sky130_vsdinv)
     2    0.01                           _12727_ (net)
                  0.12    0.00    0.97 v _15403_/A (sky130_fd_sc_hd__nand2_2)
                  0.17    0.19    1.16 ^ _15403_/Y (sky130_fd_sc_hd__nand2_2)
     2    0.02                           _12728_ (net)
                  0.17    0.00    1.16 ^ _15408_/B1 (sky130_fd_sc_hd__o2111ai_2)
                  0.24    0.34    1.50 v _15408_/Y (sky130_fd_sc_hd__o2111ai_2)
     1    0.01                           _12733_ (net)
                  0.24    0.00    1.50 v _15409_/B (sky130_fd_sc_hd__nor2_2)
                  0.15    0.21    1.71 ^ _15409_/Y (sky130_fd_sc_hd__nor2_2)
     1    0.00                           _12734_ (net)
                  0.15    0.00    1.71 ^ _15410_/B (sky130_fd_sc_hd__nand2_2)
                  0.13    0.18    1.89 v _15410_/Y (sky130_fd_sc_hd__nand2_2)
     2    0.01                           _12735_ (net)
                  0.13    0.00    1.89 v _15447_/A1 (sky130_fd_sc_hd__o21bai_2)
                  0.54    0.54    2.43 ^ _15447_/Y (sky130_fd_sc_hd__o21bai_2)
     6    0.03                           _12772_ (net)
                  0.54    0.00    2.44 ^ _15448_/D1 (sky130_fd_sc_hd__o2111ai_2)
                  0.49    0.61    3.04 v _15448_/Y (sky130_fd_sc_hd__o2111ai_2)
     3    0.02                           _12773_ (net)
                  0.49    0.00    3.05 v _16146_/C (sky130_fd_sc_hd__nor3_2)
                  0.66    0.68    3.73 ^ _16146_/Y (sky130_fd_sc_hd__nor3_2)
     5    0.02                           _13286_ (net)
                  0.66    0.00    3.73 ^ _16147_/A (sky130_fd_sc_hd__nand3_2)
                  0.37    0.52    4.24 v _16147_/Y (sky130_fd_sc_hd__nand3_2)
     5    0.02                           _13287_ (net)
                  0.37    0.00    4.24 v _16148_/C (sky130_fd_sc_hd__nor3_2)
                  0.57    0.56    4.81 ^ _16148_/Y (sky130_fd_sc_hd__nor3_2)
     4    0.02                           _13288_ (net)
                  0.57    0.00    4.81 ^ _16149_/A (sky130_fd_sc_hd__nand3_2)
                  0.31    0.44    5.25 v _16149_/Y (sky130_fd_sc_hd__nand3_2)
     4    0.02                           _13289_ (net)
                  0.31    0.00    5.25 v _16150_/C (sky130_fd_sc_hd__nor3_2)
                  0.71    0.65    5.90 ^ _16150_/Y (sky130_fd_sc_hd__nor3_2)
     5    0.02                           _13290_ (net)
                  0.71    0.00    5.90 ^ _16151_/A (sky130_fd_sc_hd__nand3_2)
                  0.34    0.49    6.39 v _16151_/Y (sky130_fd_sc_hd__nand3_2)
     4    0.02                           _13291_ (net)
                  0.34    0.00    6.39 v _16152_/C (sky130_fd_sc_hd__nor3_2)
                  0.58    0.55    6.94 ^ _16152_/Y (sky130_fd_sc_hd__nor3_2)
     4    0.02                           _13292_ (net)
                  0.58    0.00    6.94 ^ _16153_/A (sky130_fd_sc_hd__nand3_2)
                  0.37    0.50    7.44 v _16153_/Y (sky130_fd_sc_hd__nand3_2)
     5    0.02                           _13293_ (net)
                  0.37    0.00    7.44 v _16154_/C (sky130_fd_sc_hd__nor3_2)
                  0.45    0.46    7.90 ^ _16154_/Y (sky130_fd_sc_hd__nor3_2)
     3    0.01                           _13294_ (net)
                  0.45    0.00    7.90 ^ _16155_/A (sky130_fd_sc_hd__nand3_2)
                  0.35    0.44    8.34 v _16155_/Y (sky130_fd_sc_hd__nand3_2)
     5    0.02                           _13295_ (net)
                  0.35    0.00    8.34 v _16156_/C (sky130_fd_sc_hd__nor3_2)
                  0.44    0.46    8.80 ^ _16156_/Y (sky130_fd_sc_hd__nor3_2)
     3    0.01                           _13296_ (net)
                  0.44    0.00    8.80 ^ _16157_/A (sky130_fd_sc_hd__nand3_2)
                  0.38    0.46    9.25 v _16157_/Y (sky130_fd_sc_hd__nand3_2)
     5    0.03                           _13297_ (net)
                  0.38    0.00    9.26 v _16158_/C (sky130_fd_sc_hd__nor3_2)
                  0.57    0.56    9.81 ^ _16158_/Y (sky130_fd_sc_hd__nor3_2)
     4    0.02                           _13298_ (net)
                  0.57    0.00    9.81 ^ _16159_/A (sky130_fd_sc_hd__nand3_2)
                  0.31    0.44   10.26 v _16159_/Y (sky130_fd_sc_hd__nand3_2)
     4    0.02                           _13299_ (net)
                  0.31    0.00   10.26 v _16160_/C (sky130_fd_sc_hd__nor3_2)
                  0.57    0.53   10.79 ^ _16160_/Y (sky130_fd_sc_hd__nor3_2)
     4    0.02                           _13300_ (net)
                  0.57    0.00   10.79 ^ _16161_/A (sky130_fd_sc_hd__nand3_2)
                  0.39    0.50   11.29 v _16161_/Y (sky130_fd_sc_hd__nand3_2)
     5    0.03                           _13301_ (net)
                  0.39    0.00   11.29 v _16162_/C (sky130_fd_sc_hd__nor3_2)
                  0.57    0.56   11.85 ^ _16162_/Y (sky130_fd_sc_hd__nor3_2)
     4    0.02                           _13302_ (net)
                  0.57    0.00   11.85 ^ _16163_/A (sky130_fd_sc_hd__nand3_2)
                  0.31    0.44   12.29 v _16163_/Y (sky130_fd_sc_hd__nand3_2)
     4    0.02                           _13303_ (net)
                  0.31    0.00   12.29 v _16164_/C (sky130_fd_sc_hd__nor3_2)
                  0.70    0.64   12.93 ^ _16164_/Y (sky130_fd_sc_hd__nor3_2)
     5    0.02                           _13304_ (net)
                  0.70    0.00   12.93 ^ _16165_/A (sky130_fd_sc_hd__nand3_2)
                  0.33    0.48   13.41 v _16165_/Y (sky130_fd_sc_hd__nand3_2)
     4    0.02                           _13305_ (net)
                  0.33    0.00   13.41 v _16166_/C (sky130_fd_sc_hd__nor3_2)
                  0.70    0.65   14.07 ^ _16166_/Y (sky130_fd_sc_hd__nor3_2)
     5    0.02                           _13306_ (net)
                  0.70    0.00   14.07 ^ _16167_/A (sky130_fd_sc_hd__nand3_2)
                  0.33    0.48   14.55 v _16167_/Y (sky130_fd_sc_hd__nand3_2)
     4    0.02                           _13307_ (net)
                  0.33    0.00   14.55 v _16168_/C (sky130_fd_sc_hd__nor3_2)
                  0.69    0.65   15.19 ^ _16168_/Y (sky130_fd_sc_hd__nor3_2)
     5    0.02                           _13308_ (net)
                  0.69    0.00   15.19 ^ _16169_/A (sky130_fd_sc_hd__nand3_2)
                  0.33    0.48   15.67 v _16169_/Y (sky130_fd_sc_hd__nand3_2)
     4    0.02                           _13309_ (net)
                  0.33    0.00   15.67 v _16170_/C (sky130_fd_sc_hd__nor3_2)
                  0.70    0.65   16.32 ^ _16170_/Y (sky130_fd_sc_hd__nor3_2)
     5    0.02                           _13310_ (net)
                  0.70    0.00   16.32 ^ _16171_/A (sky130_fd_sc_hd__nand3_2)
                  0.33    0.48   16.81 v _16171_/Y (sky130_fd_sc_hd__nand3_2)
     4    0.02                           _13311_ (net)
                  0.33    0.00   16.81 v _16172_/C (sky130_fd_sc_hd__nor3_2)
                  0.70    0.65   17.46 ^ _16172_/Y (sky130_fd_sc_hd__nor3_2)
     5    0.02                           _13312_ (net)
                  0.70    0.00   17.46 ^ _16173_/A (sky130_fd_sc_hd__nand3_2)
                  0.35    0.50   17.95 v _16173_/Y (sky130_fd_sc_hd__nand3_2)
     5    0.02                           _13313_ (net)
                  0.35    0.00   17.95 v _16174_/C (sky130_fd_sc_hd__nor3_2)
                  0.50    0.49   18.44 ^ _16174_/Y (sky130_fd_sc_hd__nor3_2)
     3    0.02                           _13314_ (net)
                  0.50    0.00   18.45 ^ _16175_/A (sky130_fd_sc_hd__nand3_2)
                  0.28    0.39   18.84 v _16175_/Y (sky130_fd_sc_hd__nand3_2)
     4    0.02                           _13315_ (net)
                  0.28    0.00   18.84 v _16176_/A_N (sky130_fd_sc_hd__nand3b_2)
                  0.14    0.53   19.37 v _16176_/Y (sky130_fd_sc_hd__nand3b_2)
     1    0.00                           _13316_ (net)
                  0.14    0.00   19.37 v _16177_/B (sky130_fd_sc_hd__nor2_2)
                  0.14    0.18   19.55 ^ _16177_/Y (sky130_fd_sc_hd__nor2_2)
     1    0.01                           _13317_ (net)
                  0.14    0.00   19.55 ^ _16182_/A (sky130_fd_sc_hd__nor2_2)
                  0.04    0.09   19.64 v _16182_/Y (sky130_fd_sc_hd__nor2_2)
     1    0.00                           _03928_ (net)
                  0.04    0.00   19.64 v _32288_/D (sky130_fd_sc_hd__dfxtp_2)
                                 19.64   data arrival time

                  0.00   40.00   40.00   clock clk (rise edge)
                          0.00   40.00   clock network delay (ideal)
                          0.00   40.00   clock reconvergence pessimism
                                 40.00 ^ _32288_/CLK (sky130_fd_sc_hd__dfxtp_2)
                         -0.28   39.72   library setup time
                                 39.72   data required time
-----------------------------------------------------------------------------
                                 39.72   data required time
                                -19.64   data arrival time
-----------------------------------------------------------------------------
                                 20.08   slack (MET)


No paths found.
wns 0.00
tns 0.00
