Fri Sep 13 18:02:16 UTC 2024 - Executing "python3 /openLANE_flow/scripts/extract_metal_layers.py -t /home/vsduser/Desktop/work/tools/openlane_working_dir/pdks/sky130A/libs.ref/sky130_fd_sc_hd/techlef/sky130_fd_sc_hd.tlef -o /openLANE_flow/designs/picorv32a/runs/12-09_17-48/tmp/met_layers_list.txt"

Fri Sep 13 18:02:16 UTC 2024 - Executing "/openLANE_flow/scripts/mergeLef.py -i /home/vsduser/Desktop/work/tools/openlane_working_dir/pdks/sky130A/libs.ref/sky130_fd_sc_hd/techlef/sky130_fd_sc_hd.tlef {/home/vsduser/Desktop/work/tools/openlane_working_dir/pdks/sky130A/libs.ref/sky130_fd_sc_hd/lef/sky130_fd_sc_hd.lef /home/vsduser/Desktop/work/tools/openlane_working_dir/pdks/sky130A/libs.ref/sky130_fd_sc_hd/lef/sky130_ef_sc_hd__fill_12.lef /home/vsduser/Desktop/work/tools/openlane_working_dir/pdks/sky130A/libs.ref/sky130_fd_sc_hd/lef/sky130_ef_sc_hd__decap_12.lef /home/vsduser/Desktop/work/tools/openlane_working_dir/pdks/sky130A/libs.ref/sky130_fd_sc_hd/lef/sky130_ef_sc_hd__fakediode_2.lef} -o /openLANE_flow/designs/picorv32a/runs/12-09_17-48/tmp/merged_unpadded.lef |& tee >&@stdout"

Fri Sep 13 18:02:16 UTC 2024 - Executing "/openLANE_flow/scripts/mergeLef.py -i /openLANE_flow/designs/picorv32a/runs/12-09_17-48/tmp/merged_unpadded.lef /openLANE_flow/designs/picorv32a/src/sky130_vsdinv.lef -o /openLANE_flow/designs/picorv32a/runs/12-09_17-48/tmp/merged_unpadded.lef |& tee >&@stdout"

Fri Sep 13 18:02:17 UTC 2024 - Executing "/openLANE_flow/scripts/libtrim.pl /openLANE_flow/designs/picorv32a/src/sky130_fd_sc_hd__typical.lib /openLANE_flow/designs/picorv32a/runs/12-09_17-48/tmp/trimmed.lib.exclude.list > /openLANE_flow/designs/picorv32a/runs/12-09_17-48/tmp/trimmed.lib"

Fri Sep 13 18:02:17 UTC 2024 - Executing "echo {openlane v0.21} > /openLANE_flow/designs/picorv32a/runs/12-09_17-48/OPENLANE_VERSION"

Fri Sep 13 18:02:21 UTC 2024 - Executing "/openLANE_flow/scripts/mergeLef.py -i /openLANE_flow/designs/picorv32a/runs/12-09_17-48/tmp/merged.lef /openLANE_flow/designs/picorv32a/src/sky130_vsdinv.lef -o /openLANE_flow/designs/picorv32a/runs/12-09_17-48/tmp/merged.lef.new"

Fri Sep 13 18:02:21 UTC 2024 - Executing "/openLANE_flow/scripts/mergeLef.py -i /openLANE_flow/designs/picorv32a/runs/12-09_17-48/tmp/merged_unpadded.lef /openLANE_flow/designs/picorv32a/src/sky130_vsdinv.lef -o /openLANE_flow/designs/picorv32a/runs/12-09_17-48/tmp/merged_unpadded.lef.new"

Fri Sep 13 18:02:21 UTC 2024 - Executing "mv /openLANE_flow/designs/picorv32a/runs/12-09_17-48/tmp/merged.lef.new /openLANE_flow/designs/picorv32a/runs/12-09_17-48/tmp/merged.lef"

Fri Sep 13 18:02:21 UTC 2024 - Executing "mv /openLANE_flow/designs/picorv32a/runs/12-09_17-48/tmp/merged_unpadded.lef.new /openLANE_flow/designs/picorv32a/runs/12-09_17-48/tmp/merged_unpadded.lef"

Fri Sep 13 18:02:57 UTC 2024 - Executing "sed -E {s/^([[:space:]]+)pg_pin(.*)/\1pin\2\n\1    direction : "inout";/g} /openLANE_flow/designs/picorv32a/src/sky130_fd_sc_hd__typical.lib > /openLANE_flow/designs/picorv32a/runs/12-09_17-48/tmp/sky130_fd_sc_hd__typical.no_pg.lib"

Fri Sep 13 18:02:57 UTC 2024 - Executing "yosys -c /openLANE_flow/scripts/synth.tcl -l /openLANE_flow/designs/picorv32a/runs/12-09_17-48/logs/synthesis/1-yosys.log |& tee >&@stdout"

Fri Sep 13 18:03:59 UTC 2024 - Executing "sed -i -e {s/\(set ::env(CURRENT_NETLIST)\).*/\1 \/openLANE_flow\/designs\/picorv32a\/runs\/12-09_17-48\/results\/synthesis\/picorv32a.synthesis.v/} /openLANE_flow/designs/picorv32a/runs/12-09_17-48/config.tcl"

Fri Sep 13 18:03:59 UTC 2024 - Executing "sed -i -e {s/\(set ::env(PREV_NETLIST)\).*/\1 0/} /openLANE_flow/designs/picorv32a/runs/12-09_17-48/config.tcl"

Fri Sep 13 18:03:59 UTC 2024 - Executing "sed -i /defparam/d /openLANE_flow/designs/picorv32a/runs/12-09_17-48/results/synthesis/picorv32a.synthesis.v"

Fri Sep 13 18:04:00 UTC 2024 - Executing "sta /openLANE_flow/scripts/sta.tcl |& tee >&@stdout /openLANE_flow/designs/picorv32a/runs/12-09_17-48/logs/synthesis/2-opensta"

Fri Sep 13 18:28:35 UTC 2024 - Executing "sed -E {s/^([[:space:]]+)pg_pin(.*)/\1pin\2\n\1    direction : "inout";/g} /openLANE_flow/designs/picorv32a/src/sky130_fd_sc_hd__typical.lib > /openLANE_flow/designs/picorv32a/runs/12-09_17-48/tmp/sky130_fd_sc_hd__typical.no_pg.lib"

Fri Sep 13 18:28:35 UTC 2024 - Executing "yosys -c /openLANE_flow/scripts/synth.tcl -l /openLANE_flow/designs/picorv32a/runs/12-09_17-48/logs/synthesis/3-yosys.log |& tee >&@stdout"

Fri Sep 13 18:29:31 UTC 2024 - Executing "sed -i -e {s/\(set ::env(CURRENT_NETLIST)\).*/\1 \/openLANE_flow\/designs\/picorv32a\/runs\/12-09_17-48\/results\/synthesis\/picorv32a.synthesis.v/} /openLANE_flow/designs/picorv32a/runs/12-09_17-48/config.tcl"

Fri Sep 13 18:29:31 UTC 2024 - Executing "sed -i -e {s/\(set ::env(PREV_NETLIST)\).*/\1 \/openLANE_flow\/designs\/picorv32a\/runs\/12-09_17-48\/results\/synthesis\/picorv32a.synthesis.v/} /openLANE_flow/designs/picorv32a/runs/12-09_17-48/config.tcl"

Fri Sep 13 18:29:31 UTC 2024 - Executing "sed -i /defparam/d /openLANE_flow/designs/picorv32a/runs/12-09_17-48/results/synthesis/picorv32a.synthesis.v"

Fri Sep 13 18:29:31 UTC 2024 - Executing "sta /openLANE_flow/scripts/sta.tcl |& tee >&@stdout /openLANE_flow/designs/picorv32a/runs/12-09_17-48/logs/synthesis/4-opensta"

Sat Sep 14 05:52:41 UTC 2024 - Executing "openroad -exit /openLANE_flow/scripts/openroad/or_floorplan.tcl |& tee >&@stdout /openLANE_flow/designs/picorv32a/runs/12-09_17-48/logs/floorplan/5-verilog2def.openroad.log"

Sat Sep 14 05:52:47 UTC 2024 - Executing "openroad -exit /openLANE_flow/scripts/openroad/or_ioplacer.tcl |& tee >&@stdout /openLANE_flow/designs/picorv32a/runs/12-09_17-48/logs/floorplan/6-ioPlacer.log"

Sat Sep 14 05:52:50 UTC 2024 - Executing "openroad -exit /openLANE_flow/scripts/openroad/or_replace.tcl |& tee >&@stdout /openLANE_flow/designs/picorv32a/runs/12-09_17-48/logs/placement/7-replace.log"

Sat Sep 14 05:53:15 UTC 2024 - Executing "openroad -exit /openLANE_flow/scripts/openroad/or_basic_mp.tcl |& tee >&@stdout /openLANE_flow/designs/picorv32a/runs/12-09_17-48/logs/placement/8-basic_mp.log"

Sat Sep 14 05:53:18 UTC 2024 - Executing "python3 /openLANE_flow/report_generation_wrapper.py -d /openLANE_flow/designs/picorv32a -dn picorv32a -t 12-09_17-48 -o /openLANE_flow/designs/picorv32a/runs/12-09_17-48/reports/final_summary_report.csv -m /openLANE_flow/designs/picorv32a/runs/12-09_17-48/reports/manufacturability_report.rpt -rs /openLANE_flow/designs/picorv32a/runs/12-09_17-48/reports/runtime_summary_report.rpt -r /openLANE_flow/designs/picorv32a/runs/12-09_17-48"

Sat Sep 14 05:54:07 UTC 2024 - Executing "openroad -exit /openLANE_flow/scripts/openroad/or_floorplan.tcl |& tee >&@stdout /openLANE_flow/designs/picorv32a/runs/12-09_17-48/logs/floorplan/9-verilog2def.openroad.log"

Sat Sep 14 05:54:11 UTC 2024 - Executing "openroad -exit /openLANE_flow/scripts/openroad/or_ioplacer.tcl |& tee >&@stdout /openLANE_flow/designs/picorv32a/runs/12-09_17-48/logs/floorplan/10-ioPlacer.log"

Sat Sep 14 05:54:15 UTC 2024 - Executing "openroad -exit /openLANE_flow/scripts/openroad/or_tapcell.tcl |& tee >&@stdout /openLANE_flow/designs/picorv32a/runs/12-09_17-48/logs/floorplan/11-tapcell.log"

Sat Sep 14 05:54:20 UTC 2024 - Executing "openroad -exit /openLANE_flow/scripts/openroad/or_replace.tcl |& tee >&@stdout /openLANE_flow/designs/picorv32a/runs/12-09_17-48/logs/placement/12-replace.log"

Sat Sep 14 05:54:41 UTC 2024 - Executing "openroad -exit /openLANE_flow/scripts/openroad/or_resizer.tcl |& tee >&@stdout /openLANE_flow/designs/picorv32a/runs/12-09_17-48/logs/placement/12-resizer.log"

Sat Sep 14 05:55:01 UTC 2024 - Executing "openroad -exit /openLANE_flow/scripts/openroad/or_write_verilog.tcl |& tee >&@stdout /openLANE_flow/designs/picorv32a/runs/12-09_17-48/logs/13-write_verilog.log"

Sat Sep 14 05:55:03 UTC 2024 - Executing "sed -i -e {s/\(set ::env(CURRENT_NETLIST)\).*/\1 \/openLANE_flow\/designs\/picorv32a\/runs\/12-09_17-48\/results\/synthesis\/picorv32a.synthesis_optimized.v/} /openLANE_flow/designs/picorv32a/runs/12-09_17-48/config.tcl"

Sat Sep 14 05:55:03 UTC 2024 - Executing "sed -i -e {s/\(set ::env(PREV_NETLIST)\).*/\1 \/openLANE_flow\/designs\/picorv32a\/runs\/12-09_17-48\/results\/synthesis\/picorv32a.synthesis.v/} /openLANE_flow/designs/picorv32a/runs/12-09_17-48/config.tcl"

Sat Sep 14 05:55:03 UTC 2024 - Executing "sta /openLANE_flow/scripts/sta.tcl |& tee >&@stdout /openLANE_flow/designs/picorv32a/runs/12-09_17-48/logs/synthesis/14-opensta_post_resizer"

Sat Sep 14 05:55:06 UTC 2024 - Executing "openroad -exit /openLANE_flow/scripts/openroad/or_opendp.tcl |& tee >&@stdout /openLANE_flow/designs/picorv32a/runs/12-09_17-48/logs/placement/15-opendp.log"

Sat Sep 14 05:55:10 UTC 2024 - Executing "bash /openLANE_flow/scripts/klayout/scrotLayout.sh /home/vsduser/Desktop/work/tools/openlane_working_dir/pdks/sky130A/libs.tech/klayout/sky130A.lyt /openLANE_flow/designs/picorv32a/runs/12-09_17-48/results/placement/picorv32a.placement.def |& tee >&@stdout /openLANE_flow/designs/picorv32a/runs/12-09_17-48/logs/klayout/16-klayout.scrot.log"

Sat Sep 14 05:58:59 UTC 2024 - Executing "/openLANE_flow/scripts/libtrim.pl /openLANE_flow/designs/picorv32a/src/sky130_fd_sc_hd__typical.lib /openLANE_flow/designs/picorv32a/runs/12-09_17-48/tmp/cts.lib.exclude.list > /openLANE_flow/designs/picorv32a/runs/12-09_17-48/tmp/cts.lib"

Sat Sep 14 05:58:59 UTC 2024 - Executing "openroad -exit /openLANE_flow/scripts/openroad/or_cts.tcl |& tee >&@stdout /openLANE_flow/designs/picorv32a/runs/12-09_17-48/logs/cts/17-cts.log"

Sat Sep 14 06:01:18 UTC 2024 - Executing "openroad -exit /openLANE_flow/scripts/openroad/or_write_verilog.tcl |& tee >&@stdout /openLANE_flow/designs/picorv32a/runs/12-09_17-48/logs/18-write_verilog.log"

Sat Sep 14 06:01:19 UTC 2024 - Executing "sed -i -e {s/\(set ::env(CURRENT_NETLIST)\).*/\1 \/openLANE_flow\/designs\/picorv32a\/runs\/12-09_17-48\/results\/synthesis\/picorv32a.synthesis_cts.v/} /openLANE_flow/designs/picorv32a/runs/12-09_17-48/config.tcl"

Sat Sep 14 06:01:19 UTC 2024 - Executing "sed -i -e {s/\(set ::env(PREV_NETLIST)\).*/\1 \/openLANE_flow\/designs\/picorv32a\/runs\/12-09_17-48\/results\/synthesis\/picorv32a.synthesis_optimized.v/} /openLANE_flow/designs/picorv32a/runs/12-09_17-48/config.tcl"

Sat Sep 14 06:01:19 UTC 2024 - Executing "bash /openLANE_flow/scripts/klayout/scrotLayout.sh /home/vsduser/Desktop/work/tools/openlane_working_dir/pdks/sky130A/libs.tech/klayout/sky130A.lyt /openLANE_flow/designs/picorv32a/runs/12-09_17-48/results/cts/picorv32a.cts.def |& tee >&@stdout /openLANE_flow/designs/picorv32a/runs/12-09_17-48/logs/klayout/19-klayout.scrot.log"

Sat Sep 14 08:32:40 UTC 2024 - Executing "openroad -exit /openLANE_flow/scripts/openroad/or_cts.tcl |& tee >&@stdout /openLANE_flow/designs/picorv32a/runs/12-09_17-48/logs/cts/20-cts.log"

Sat Sep 14 08:35:08 UTC 2024 - Executing "openroad -exit /openLANE_flow/scripts/openroad/or_cts.tcl |& tee >&@stdout /openLANE_flow/designs/picorv32a/runs/12-09_17-48/logs/cts/21-cts.log"

Sat Sep 14 08:37:15 UTC 2024 - Executing "openroad -exit /openLANE_flow/scripts/openroad/or_write_verilog.tcl |& tee >&@stdout /openLANE_flow/designs/picorv32a/runs/12-09_17-48/logs/22-write_verilog.log"

Sat Sep 14 08:37:16 UTC 2024 - Executing "sed -i -e {s/\(set ::env(CURRENT_NETLIST)\).*/\1 \/openLANE_flow\/designs\/picorv32a\/runs\/12-09_17-48\/results\/synthesis\/picorv32a.synthesis_cts.v/} /openLANE_flow/designs/picorv32a/runs/12-09_17-48/config.tcl"

Sat Sep 14 08:37:16 UTC 2024 - Executing "sed -i -e {s/\(set ::env(PREV_NETLIST)\).*/\1 \/openLANE_flow\/designs\/picorv32a\/runs\/12-09_17-48\/results\/synthesis\/picorv32a.synthesis_cts.v/} /openLANE_flow/designs/picorv32a/runs/12-09_17-48/config.tcl"

Sat Sep 14 08:37:16 UTC 2024 - Executing "bash /openLANE_flow/scripts/klayout/scrotLayout.sh /home/vsduser/Desktop/work/tools/openlane_working_dir/pdks/sky130A/libs.tech/klayout/sky130A.lyt /openLANE_flow/designs/picorv32a/runs/12-09_17-48/results/cts/picorv32a.cts.def |& tee >&@stdout /openLANE_flow/designs/picorv32a/runs/12-09_17-48/logs/klayout/23-klayout.scrot.log"

Sat Sep 14 08:48:24 UTC 2024 - Executing "openroad -exit /openLANE_flow/scripts/openroad/or_cts.tcl |& tee >&@stdout /openLANE_flow/designs/picorv32a/runs/12-09_17-48/logs/cts/24-cts.log"

Sat Sep 14 08:49:23 UTC 2024 - Executing "openroad -exit /openLANE_flow/scripts/openroad/or_write_verilog.tcl |& tee >&@stdout /openLANE_flow/designs/picorv32a/runs/12-09_17-48/logs/25-write_verilog.log"

Sat Sep 14 08:49:25 UTC 2024 - Executing "sed -i -e {s/\(set ::env(CURRENT_NETLIST)\).*/\1 \/openLANE_flow\/designs\/picorv32a\/runs\/12-09_17-48\/results\/synthesis\/picorv32a.synthesis_cts.v/} /openLANE_flow/designs/picorv32a/runs/12-09_17-48/config.tcl"

Sat Sep 14 08:49:25 UTC 2024 - Executing "sed -i -e {s/\(set ::env(PREV_NETLIST)\).*/\1 \/openLANE_flow\/designs\/picorv32a\/runs\/12-09_17-48\/results\/synthesis\/picorv32a.synthesis_cts.v/} /openLANE_flow/designs/picorv32a/runs/12-09_17-48/config.tcl"

Sat Sep 14 08:49:25 UTC 2024 - Executing "bash /openLANE_flow/scripts/klayout/scrotLayout.sh /home/vsduser/Desktop/work/tools/openlane_working_dir/pdks/sky130A/libs.tech/klayout/sky130A.lyt /openLANE_flow/designs/picorv32a/runs/12-09_17-48/results/cts/picorv32a.cts.def |& tee >&@stdout /openLANE_flow/designs/picorv32a/runs/12-09_17-48/logs/klayout/26-klayout.scrot.log"

Sat Sep 14 10:47:01 UTC 2024 - Executing "echo {openlane v0.21} > /openLANE_flow/designs/picorv32a/runs/12-09_17-48/OPENLANE_VERSION"

Sat Sep 14 10:48:28 UTC 2024 - Executing "openroad -exit /openLANE_flow/scripts/openroad/or_pdn.tcl |& tee >&@stdout /openLANE_flow/designs/picorv32a/runs/12-09_17-48/logs/floorplan/27-pdn.log"

Sat Sep 14 11:01:12 UTC 2024 - Executing "openroad -exit /openLANE_flow/scripts/openroad/or_groute.tcl |& tee >&@stdout /openLANE_flow/designs/picorv32a/runs/12-09_17-48/logs/routing/28-fastroute.log"

Sat Sep 14 11:01:45 UTC 2024 - Executing "openroad -exit /openLANE_flow/scripts/openroad/or_fill.tcl |& tee >&@stdout /openLANE_flow/designs/picorv32a/runs/12-09_17-48/logs/routing/29-addspacers.log"

Sat Sep 14 11:01:48 UTC 2024 - Executing "openroad -exit /openLANE_flow/scripts/openroad/or_write_verilog.tcl |& tee >&@stdout /openLANE_flow/designs/picorv32a/runs/12-09_17-48/logs/30-write_verilog.log"

Sat Sep 14 11:01:51 UTC 2024 - Executing "sed -i -e {s/\(set ::env(CURRENT_NETLIST)\).*/\1 \/openLANE_flow\/designs\/picorv32a\/runs\/12-09_17-48\/results\/synthesis\/picorv32a.synthesis_preroute.v/} /openLANE_flow/designs/picorv32a/runs/12-09_17-48/config.tcl"

Sat Sep 14 11:01:51 UTC 2024 - Executing "sed -i -e {s/\(set ::env(PREV_NETLIST)\).*/\1 \/openLANE_flow\/designs\/picorv32a\/runs\/12-09_17-48\/results\/synthesis\/picorv32a.synthesis_cts.v/} /openLANE_flow/designs/picorv32a/runs/12-09_17-48/config.tcl"

Sat Sep 14 11:01:51 UTC 2024 - Executing "envsubst < /openLANE_flow/scripts/tritonRoute.param > /openLANE_flow/designs/picorv32a/runs/12-09_17-48/tmp/routing/31-tritonRoute.param"

Sat Sep 14 11:01:52 UTC 2024 - Executing "TritonRoute /openLANE_flow/designs/picorv32a/runs/12-09_17-48/tmp/routing/31-tritonRoute.param |& tee >&@stdout /openLANE_flow/designs/picorv32a/runs/12-09_17-48/logs/routing/31-tritonRoute.log"

Sat Sep 14 11:29:06 UTC 2024 - Executing "python3 /openLANE_flow/scripts/tr2klayout.py -i /openLANE_flow/designs/picorv32a/runs/12-09_17-48/reports/routing/31-tritonRoute.drc -o /openLANE_flow/designs/picorv32a/runs/12-09_17-48/reports/routing/31-tritonRoute.klayout.xml --design-name picorv32a"

Sat Sep 14 11:29:06 UTC 2024 - Executing "python3 /openLANE_flow/report_generation_wrapper.py -d /openLANE_flow/designs/picorv32a -dn picorv32a -t 12-09_17-48 -o /openLANE_flow/designs/picorv32a/runs/12-09_17-48/reports/final_summary_report.csv -m /openLANE_flow/designs/picorv32a/runs/12-09_17-48/reports/manufacturability_report.rpt -rs /openLANE_flow/designs/picorv32a/runs/12-09_17-48/reports/runtime_summary_report.rpt -r /openLANE_flow/designs/picorv32a/runs/12-09_17-48"

