Startpoint: _31195_ (rising edge-triggered flip-flop clocked by clk)
Endpoint: _31195_ (rising edge-triggered flip-flop clocked by clk)
Path Group: clk
Path Type: min

Fanout     Cap    Slew   Delay    Time   Description
-----------------------------------------------------------------------------
                  0.00    0.00    0.00   clock clk (rise edge)
                          0.00    0.00   clock network delay (ideal)
                  0.00    0.00    0.00 ^ _31195_/CLK (sky130_fd_sc_hd__dfxtp_2)
                  0.04    0.57    0.57 v _31195_/Q (sky130_fd_sc_hd__dfxtp_2)
     2    0.00                           cpuregs[0][0] (net)
                  0.04    0.00    0.57 v _18491_/A (sky130_fd_sc_hd__buf_1)
                  0.04    0.14    0.70 v _18491_/X (sky130_fd_sc_hd__buf_1)
     1    0.00                           _02835_ (net)
                  0.04    0.00    0.70 v _31195_/D (sky130_fd_sc_hd__dfxtp_2)
                                  0.70   data arrival time

                  0.00    0.00    0.00   clock clk (rise edge)
                          0.00    0.00   clock network delay (ideal)
                          0.00    0.00   clock reconvergence pessimism
                                  0.00 ^ _31195_/CLK (sky130_fd_sc_hd__dfxtp_2)
                         -0.10   -0.10   library hold time
                                 -0.10   data required time
-----------------------------------------------------------------------------
                                 -0.10   data required time
                                 -0.70   data arrival time
-----------------------------------------------------------------------------
                                  0.80   slack (MET)


Startpoint: resetn (input port clocked by clk)
Endpoint: mem_la_write (output port clocked by clk)
Path Group: clk
Path Type: max

Fanout     Cap    Slew   Delay    Time   Description
-----------------------------------------------------------------------------
                  0.00    0.00    0.00   clock clk (rise edge)
                          0.00    0.00   clock network delay (ideal)
                          4.95    4.95 ^ input external delay
                  0.03    0.02    4.96 ^ resetn (in)
     7    0.02                           resetn (net)
                  0.03    0.00    4.96 ^ _15304_/A (sky130_fd_sc_hd__buf_1)
                  0.16    0.14    5.10 ^ _15304_/X (sky130_fd_sc_hd__buf_1)
     6    0.02                           _12638_ (net)
                  0.16    0.00    5.10 ^ _17093_/C (sky130_fd_sc_hd__nand3_2)
                  0.07    0.07    5.18 v _17093_/Y (sky130_fd_sc_hd__nand3_2)
     4    0.01                           _13857_ (net)
                  0.07    0.00    5.18 v _18868_/B (sky130_fd_sc_hd__nor2_2)
                  0.22    0.18    5.36 ^ _18868_/Y (sky130_fd_sc_hd__nor2_2)
     5    0.03                           mem_la_write (net)
                  0.22    0.00    5.36 ^ mem_la_write (out)
                                  5.36   data arrival time

                  0.00   24.73   24.73   clock clk (rise edge)
                          0.00   24.73   clock network delay (ideal)
                          0.00   24.73   clock reconvergence pessimism
                         -4.95   19.78   output external delay
                                 19.78   data required time
-----------------------------------------------------------------------------
                                 19.78   data required time
                                 -5.36   data arrival time
-----------------------------------------------------------------------------
                                 14.42   slack (MET)


