Startpoint: _31195_ (rising edge-triggered flip-flop clocked by clk)
Endpoint: _31195_ (rising edge-triggered flip-flop clocked by clk)
Path Group: clk
Path Type: min

Fanout     Cap    Slew   Delay    Time   Description
-----------------------------------------------------------------------------
                  0.00    0.00    0.00   clock clk (rise edge)
                          0.00    0.00   clock network delay (ideal)
                  0.00    0.00    0.00 ^ _31195_/CLK (sky130_fd_sc_hd__dfxtp_1)
                  0.04    0.18    0.18 ^ _31195_/Q (sky130_fd_sc_hd__dfxtp_1)
     2    0.00                           cpuregs[0][0] (net)
                  0.04    0.00    0.18 ^ _18489_/A (sky130_fd_sc_hd__clkbuf_1)
                  0.02    0.05    0.23 ^ _18489_/X (sky130_fd_sc_hd__clkbuf_1)
     1    0.00                           _02835_ (net)
                  0.02    0.00    0.23 ^ _31195_/D (sky130_fd_sc_hd__dfxtp_1)
                                  0.23   data arrival time

                  0.00    0.00    0.00   clock clk (rise edge)
                          0.00    0.00   clock network delay (ideal)
                          0.00    0.00   clock reconvergence pessimism
                                  0.00 ^ _31195_/CLK (sky130_fd_sc_hd__dfxtp_1)
                         -0.02   -0.02   library hold time
                                 -0.02   data required time
-----------------------------------------------------------------------------
                                 -0.02   data required time
                                 -0.23   data arrival time
-----------------------------------------------------------------------------
                                  0.25   slack (MET)


Startpoint: resetn (input port clocked by clk)
Endpoint: mem_la_read (output port clocked by clk)
Path Group: clk
Path Type: max

Fanout     Cap    Slew   Delay    Time   Description
-----------------------------------------------------------------------------
                  0.00    0.00    0.00   clock clk (rise edge)
                          0.00    0.00   clock network delay (ideal)
                          8.00    8.00 ^ input external delay
                  0.02    0.01    8.01 ^ resetn (in)
     1    0.00                           resetn (net)
                  0.02    0.00    8.01 ^ input101/A (sky130_fd_sc_hd__buf_4)
                  0.12    0.23    8.23 ^ input101/X (sky130_fd_sc_hd__buf_4)
     7    0.02                           net101 (net)
                  0.12    0.00    8.23 ^ _15304_/A (sky130_fd_sc_hd__clkbuf_4)
                  0.15    0.33    8.56 ^ _15304_/X (sky130_fd_sc_hd__clkbuf_4)
     6    0.03                           _12638_ (net)
                  0.15    0.00    8.56 ^ _17092_/C (sky130_fd_sc_hd__nand3_4)
                  0.25    0.28    8.84 v _17092_/Y (sky130_fd_sc_hd__nand3_4)
     4    0.03                           _13856_ (net)
                  0.25    0.00    8.84 v _18864_/B1 (sky130_fd_sc_hd__a21oi_4)
                  0.13    0.22    9.06 ^ _18864_/Y (sky130_fd_sc_hd__a21oi_4)
     1    0.00                           net199 (net)
                  0.13    0.00    9.06 ^ output199/A (sky130_fd_sc_hd__clkbuf_2)
                  0.16    0.28    9.35 ^ output199/X (sky130_fd_sc_hd__clkbuf_2)
     1    0.02                           mem_la_read (net)
                  0.16    0.00    9.35 ^ mem_la_read (out)
                                  9.35   data arrival time

                  0.00   40.00   40.00   clock clk (rise edge)
                          0.00   40.00   clock network delay (ideal)
                          0.00   40.00   clock reconvergence pessimism
                         -8.00   32.00   output external delay
                                 32.00   data required time
-----------------------------------------------------------------------------
                                 32.00   data required time
                                 -9.35   data arrival time
-----------------------------------------------------------------------------
                                 22.65   slack (MET)


