
28. Printing statistics.

=== picorv32a ===

   Number of wires:              14454
   Number of wire bits:          14836
   Number of public wires:        1565
   Number of public wire bits:    1947
   Number of memories:               0
   Number of memory bits:            0
   Number of processes:              0
   Number of cells:              14734
     sky130_fd_sc_hd__a2111o_2       2
     sky130_fd_sc_hd__a211o_2       34
     sky130_fd_sc_hd__a211oi_2      57
     sky130_fd_sc_hd__a21bo_2      159
     sky130_fd_sc_hd__a21boi_2       5
     sky130_fd_sc_hd__a21o_2        43
     sky130_fd_sc_hd__a21oi_2      215
     sky130_fd_sc_hd__a221o_2       76
     sky130_fd_sc_hd__a221oi_2       1
     sky130_fd_sc_hd__a22o_2      1075
     sky130_fd_sc_hd__a2bb2o_2    1857
     sky130_fd_sc_hd__a2bb2oi_2     76
     sky130_fd_sc_hd__a311o_2        2
     sky130_fd_sc_hd__a31o_2        12
     sky130_fd_sc_hd__a31oi_2        3
     sky130_fd_sc_hd__a32o_2        11
     sky130_fd_sc_hd__a41o_2         1
     sky130_fd_sc_hd__and2_2       151
     sky130_fd_sc_hd__and3_2        67
     sky130_fd_sc_hd__and4_2       341
     sky130_fd_sc_hd__and4b_2        2
     sky130_fd_sc_hd__and4bb_2       1
     sky130_fd_sc_hd__buf_1       1633
     sky130_fd_sc_hd__buf_2          8
     sky130_fd_sc_hd__conb_1        42
     sky130_fd_sc_hd__dfxtp_2     1613
     sky130_fd_sc_hd__inv_2         62
     sky130_fd_sc_hd__mux2_1      1224
     sky130_fd_sc_hd__mux2_2         1
     sky130_fd_sc_hd__mux4_1       221
     sky130_fd_sc_hd__nand2_2       60
     sky130_fd_sc_hd__nand2b_2       1
     sky130_fd_sc_hd__nor2_2       493
     sky130_fd_sc_hd__nor2b_2        1
     sky130_fd_sc_hd__nor3_2        31
     sky130_fd_sc_hd__o2111a_2       1
     sky130_fd_sc_hd__o211a_2       66
     sky130_fd_sc_hd__o211ai_2       2
     sky130_fd_sc_hd__o21a_2        65
     sky130_fd_sc_hd__o21ai_2       89
     sky130_fd_sc_hd__o21ba_2      210
     sky130_fd_sc_hd__o21bai_2       2
     sky130_fd_sc_hd__o221a_2      217
     sky130_fd_sc_hd__o221ai_2      33
     sky130_fd_sc_hd__o22a_2      1334
     sky130_fd_sc_hd__o22ai_2       59
     sky130_fd_sc_hd__o2bb2a_2      48
     sky130_fd_sc_hd__o2bb2ai_2     92
     sky130_fd_sc_hd__o311a_2        6
     sky130_fd_sc_hd__o31a_2        14
     sky130_fd_sc_hd__o31ai_2        3
     sky130_fd_sc_hd__o32a_2        92
     sky130_fd_sc_hd__o41a_2         5
     sky130_fd_sc_hd__or2_2       1068
     sky130_fd_sc_hd__or2b_2        13
     sky130_fd_sc_hd__or3_2         61
     sky130_fd_sc_hd__or3b_2         2
     sky130_fd_sc_hd__or4_2         94
     sky130_fd_sc_hd__or4b_2         5
     sky130_fd_sc_hd__or4bb_2        2
     sky130_vsdinv                1570

   Chip area for module '\picorv32a': 146842.083200

