0-prep 0h0m3s2ms
1-yosys 0h1m2s936ms
2-opensta 0h0m2s158ms
3-yosys 0h0m56s201ms
4-opensta 0h0m1s706ms
5-verilog2def_openroad 0h0m5s394ms
6-ioPlacer 0h0m2s899ms
7-replace 0h0m24s949ms
9-verilog2def_openroad 0h0m2s561ms
10-ioPlacer 0h0m1s886ms
11-tapcell 0h0m2s649ms
12-replace 0h0m20s81ms
12-resizer 0h0m19s808ms
13-write_verilog 0h0m2s391ms
14-opensta_post_resizer 0h0m2s690ms
15-opendp 0h0m3s726ms
16-klayout_scrot 0h0m11s939ms
17-cts 0h2m19s4ms
18-write_verilog 0h0m1s477ms
19-klayout_scrot 0h0m7s500ms
21-cts 0h2m6s902ms
22-write_verilog 0h0m1s775ms
23-klayout_scrot 0h0m8s305ms
24-cts 0h0m59s200ms
25-write_verilog 0h0m1s859ms
26-prep 0h0m2s472ms
26-klayout_scrot 0h0m6s30ms
27-pdn 0h0m10s835ms
28-fastroute 0h0m33s101ms
29-addspacers 0h0m3s193ms
30-write_verilog 0h0m3s372ms