OpenROAD 0.9.0 1415572a73
This program is licensed under the BSD-3 license. See the LICENSE file for details.
Components of this program may be licensed under more restrictive licenses which must be honored.
Notice 0: Reading LEF file:  /openLANE_flow/designs/picorv32a/runs/14-09_11-32/tmp/merged_unpadded.lef
Notice 0:     Created 13 technology layers
Notice 0:     Created 25 technology vias
Notice 0:     Created 442 library cells
Notice 0: Finished LEF file:  /openLANE_flow/designs/picorv32a/runs/14-09_11-32/tmp/merged_unpadded.lef
Notice 0: 
Reading DEF file: /openLANE_flow/designs/picorv32a/runs/14-09_11-32/tmp/placement/6-resizer.def
Notice 0: Design: picorv32a
Notice 0:     Created 409 pins.
Notice 0:     Created 25273 components and 143108 component-terminals.
Notice 0:     Created 17667 nets and 59202 connections.
Notice 0: Finished DEF file: /openLANE_flow/designs/picorv32a/runs/14-09_11-32/tmp/placement/6-resizer.def
[WARNING DPL-0011] Could not find power special net.
Design Stats
--------------------------------
total instances         25273
multi row instances         0
fixed instances          7708
nets                    17667
design area          517276.1 u^2
fixed area            10965.5 u^2
movable area         191011.9 u^2
utilization                38 %
utilization padded         55 %
rows                      264
row height                2.7 u

Placement Analysis
--------------------------------
total displacement        0.0 u
average displacement      0.0 u
max displacement          0.0 u
original HPWL        874122.4 u
legalized HPWL       887908.4 u
delta HPWL                  2 %

[INFO DPL-0020] Mirrored 6558 instances
[INFO DPL-0021] HPWL before          887908.4 u
[INFO DPL-0022] HPWL after           874122.4 u
[INFO DPL-0023] HPWL delta               -1.6 %
